#
# There is insufficient memory for the Java Runtime Environment to continue.
# Native memory allocation (malloc) failed to allocate 32744 bytes for ChunkPool::allocate
# Possible reasons:
#   The system is out of physical RAM or swap space
#   In 32 bit mode, the process size limit was hit
# Possible solutions:
#   Reduce memory load on the system
#   Increase physical memory or swap space
#   Check if swap backing store is full
#   Use 64 bit Java on a 64 bit OS
#   Decrease Java heap size (-Xmx/-Xms)
#   Decrease number of Java threads
#   Decrease Java thread stack sizes (-Xss)
#   Set larger code cache with -XX:ReservedCodeCacheSize=
# This output file may be truncated or incomplete.
#
#  Out of Memory Error (allocation.cpp:273), pid=12872, tid=0x000000000000376c
#
# JRE version: Java(TM) SE Runtime Environment (8.0_121-b13) (build 1.8.0_121-b13)
# Java VM: Java HotSpot(TM) 64-Bit Server VM (25.121-b13 mixed mode windows-amd64 compressed oops)
# Failed to write core dump. Minidumps are not enabled by default on client versions of Windows
#

---------------  T H R E A D  ---------------

Current thread (0x000000001e16a000):  JavaThread "C1 CompilerThread3" daemon [_thread_in_native, id=14188, stack(0x000000001f640000,0x000000001f740000)]

Stack: [0x000000001f640000,0x000000001f740000]
[error occurred during error reporting (printing stack bounds), id 0xc0000005]

Native frames: (J=compiled Java code, j=interpreted, Vv=VM code, C=native code)


Current CompileTask:
C1:   6460 4861   !   2      
[error occurred during error reporting (printing current compile task), id 0xe0000001]


---------------  P R O C E S S  ---------------

Java Threads: ( => current thread )
  0x000000001e1ae000 JavaThread "Service Thread" daemon [_thread_blocked, id=2496, stack(0x000000001f740000,0x000000001f840000)]
=>0x000000001e16a000 JavaThread "C1 CompilerThread3" daemon [_thread_in_native, id=14188, stack(0x000000001f640000,0x000000001f740000)]
  0x000000001e156800 JavaThread "C2 CompilerThread2" daemon [_thread_in_native, id=11200, stack(0x000000001f540000,0x000000001f640000)]
  0x000000001e152000 JavaThread "C2 CompilerThread1" daemon [_thread_in_native, id=9076, stack(0x000000001f440000,0x000000001f540000)]
  0x000000001e0df000 JavaThread "C2 CompilerThread0" daemon [_thread_in_native, id=20388, stack(0x000000001f340000,0x000000001f440000)]
  0x000000001e14a000 JavaThread "Attach Listener" daemon [_thread_blocked, id=19740, stack(0x000000001f240000,0x000000001f340000)]
  0x000000001e0de800 JavaThread "Signal Dispatcher" daemon [_thread_blocked, id=5024, stack(0x000000001f140000,0x000000001f240000)]
  0x000000001cd1e000 JavaThread "Finalizer" daemon [_thread_blocked, id=10252, stack(0x000000001efe0000,0x000000001f0e0000)]
  0x000000001e06a000 JavaThread "Reference Handler" daemon [_thread_blocked, id=9616, stack(0x000000001eee0000,0x000000001efe0000)]
  0x00000000034b7000 JavaThread "main" [_thread_in_native, id=13628, stack(0x00000000033b0000,0x00000000034b0000)]

Other Threads:
  0x000000001cd13800 VMThread [stack: 0x000000001ede0000,0x000000001eee0000] [id=14144]
  0x000000001e26e000 WatcherThread [stack: 0x000000001f840000,0x000000001f940000] [id=13564]

VM state:not at safepoint (normal execution)

VM Mutex/Monitor currently owned by a thread: None

Heap:
 PSYoungGen      total 142848K, used 72419K [0x000000076cd00000, 0x0000000776a00000, 0x00000007c0000000)
  eden space 124928K, 43% used [0x000000076cd00000,0x00000007702406e8,0x0000000774700000)
  from space 17920K, 99% used [0x0000000775880000,0x00000007769f8648,0x0000000776a00000)
  to   space 10240K, 0% used [0x0000000774b00000,0x0000000774b00000,0x0000000775500000)
 ParOldGen       total 136192K, used 27644K [0x00000006c6600000, 0x00000006ceb00000, 0x000000076cd00000)
  object space 136192K, 20% used [0x00000006c6600000,0x00000006c80ff238,0x00000006ceb00000)
 Metaspace       used 24492K, capacity 25122K, committed 25392K, reserved 1071104K
  class space    used 2851K, capacity 3004K, committed 3120K, reserved 1048576K

Card table byte_map: [0x0000000012970000,0x0000000013140000] byte_map_base: 0x000000000f33d000

Marking Bits: (ParMarkBitMap*) 0x000000006e39b6d0
 Begin Bits: [0x0000000013e80000, 0x0000000017ce8000)
 End Bits:   [0x0000000017ce8000, 0x000000001bb50000)

Polling page: 0x0000000000ef0000

CodeCache: size=245760Kb used=15551Kb max_used=15551Kb free=230208Kb
 bounds [0x00000000035b0000, 0x0000000004500000, 0x00000000125b0000]
 total_blobs=4674 nmethods=4255 adapters=331
 compilation: enabled

Compilation events (10 events):
Event: 6.442 Thread 0x000000001e16a000 nmethod 4855 0x00000000044eb810 code [0x00000000044eb9e0, 0x00000000044ebfa8]
Event: 6.445 Thread 0x000000001e16a000 4857       2       com.sun.tools.javac.jvm.ClassReader::completeEnclosing (103 bytes)
Event: 6.445 Thread 0x000000001e16a000 nmethod 4857 0x00000000044ec490 code [0x00000000044ec700, 0x00000000044eceb8]
Event: 6.445 Thread 0x000000001e16a000 4858   !   2       com.sun.tools.javac.jvm.ClassReader::fillIn (505 bytes)
Event: 6.447 Thread 0x000000001e16a000 nmethod 4858 0x00000000044ed5d0 code [0x00000000044edb00, 0x00000000044efaa8]
Event: 6.453 Thread 0x000000001e16a000 4859       1       com.sun.tools.javac.tree.JCTree$JCVariableDecl::getTag (4 bytes)
Event: 6.453 Thread 0x000000001e16a000 nmethod 4859 0x00000000044f2a90 code [0x00000000044f2be0, 0x00000000044f2cf0]
Event: 6.455 Thread 0x000000001e16a000 4860       2       javax.tools.ForwardingJavaFileManager::list (15 bytes)
Event: 6.455 Thread 0x000000001e16a000 nmethod 4860 0x00000000044f2d50 code [0x00000000044f2ec0, 0x00000000044f3048]
Event: 6.458 Thread 0x000000001e16a000 4861   !   2       com.sun.tools.javac.comp.MemberEnter::visitVarDef (463 bytes)

GC Heap History (10 events):
Event: 2.330 GC heap before
{Heap before GC invocations=3 (full 0):
 PSYoungGen      total 74752K, used 74728K [0x000000076cd00000, 0x0000000772000000, 0x00000007c0000000)
  eden space 64512K, 100% used [0x000000076cd00000,0x0000000770c00000,0x0000000770c00000)
  from space 10240K, 99% used [0x0000000771600000,0x0000000771ffa040,0x0000000772000000)
  to   space 10240K, 0% used [0x0000000770c00000,0x0000000770c00000,0x0000000771600000)
 ParOldGen       total 171008K, used 2964K [0x00000006c6600000, 0x00000006d0d00000, 0x000000076cd00000)
  object space 171008K, 1% used [0x00000006c6600000,0x00000006c68e5180,0x00000006d0d00000)
 Metaspace       used 15933K, capacity 16244K, committed 16384K, reserved 1062912K
  class space    used 1898K, capacity 1982K, committed 2048K, reserved 1048576K
Event: 2.340 GC heap after
Heap after GC invocations=3 (full 0):
 PSYoungGen      total 74752K, used 10216K [0x000000076cd00000, 0x0000000775f00000, 0x00000007c0000000)
  eden space 64512K, 0% used [0x000000076cd00000,0x000000076cd00000,0x0000000770c00000)
  from space 10240K, 99% used [0x0000000770c00000,0x00000007715fa020,0x0000000771600000)
  to   space 10240K, 0% used [0x0000000775500000,0x0000000775500000,0x0000000775f00000)
 ParOldGen       total 171008K, used 10108K [0x00000006c6600000, 0x00000006d0d00000, 0x000000076cd00000)
  object space 171008K, 5% used [0x00000006c6600000,0x00000006c6fdf388,0x00000006d0d00000)
 Metaspace       used 15933K, capacity 16244K, committed 16384K, reserved 1062912K
  class space    used 1898K, capacity 1982K, committed 2048K, reserved 1048576K
}
Event: 3.134 GC heap before
{Heap before GC invocations=4 (full 0):
 PSYoungGen      total 74752K, used 74728K [0x000000076cd00000, 0x0000000775f00000, 0x00000007c0000000)
  eden space 64512K, 100% used [0x000000076cd00000,0x0000000770c00000,0x0000000770c00000)
  from space 10240K, 99% used [0x0000000770c00000,0x00000007715fa020,0x0000000771600000)
  to   space 10240K, 0% used [0x0000000775500000,0x0000000775500000,0x0000000775f00000)
 ParOldGen       total 171008K, used 10108K [0x00000006c6600000, 0x00000006d0d00000, 0x000000076cd00000)
  object space 171008K, 5% used [0x00000006c6600000,0x00000006c6fdf388,0x00000006d0d00000)
 Metaspace       used 16382K, capacity 16736K, committed 16896K, reserved 1064960K
  class space    used 1916K, capacity 2016K, committed 2048K, reserved 1048576K
Event: 3.144 GC heap after
Heap after GC invocations=4 (full 0):
 PSYoungGen      total 139264K, used 10216K [0x000000076cd00000, 0x0000000775f00000, 0x00000007c0000000)
  eden space 129024K, 0% used [0x000000076cd00000,0x000000076cd00000,0x0000000774b00000)
  from space 10240K, 99% used [0x0000000775500000,0x0000000775efa040,0x0000000775f00000)
  to   space 10240K, 0% used [0x0000000774b00000,0x0000000774b00000,0x0000000775500000)
 ParOldGen       total 171008K, used 14931K [0x00000006c6600000, 0x00000006d0d00000, 0x000000076cd00000)
  object space 171008K, 8% used [0x00000006c6600000,0x00000006c7494fe8,0x00000006d0d00000)
 Metaspace       used 16382K, capacity 16736K, committed 16896K, reserved 1064960K
  class space    used 1916K, capacity 2016K, committed 2048K, reserved 1048576K
}
Event: 4.359 GC heap before
{Heap before GC invocations=5 (full 0):
 PSYoungGen      total 139264K, used 59173K [0x000000076cd00000, 0x0000000775f00000, 0x00000007c0000000)
  eden space 129024K, 37% used [0x000000076cd00000,0x000000076fccf580,0x0000000774b00000)
  from space 10240K, 99% used [0x0000000775500000,0x0000000775efa040,0x0000000775f00000)
  to   space 10240K, 0% used [0x0000000774b00000,0x0000000774b00000,0x0000000775500000)
 ParOldGen       total 171008K, used 14931K [0x00000006c6600000, 0x00000006d0d00000, 0x000000076cd00000)
  object space 171008K, 8% used [0x00000006c6600000,0x00000006c7494fe8,0x00000006d0d00000)
 Metaspace       used 20776K, capacity 21182K, committed 21296K, reserved 1069056K
  class space    used 2483K, capacity 2585K, committed 2608K, reserved 1048576K
Event: 4.368 GC heap after
Heap after GC invocations=5 (full 0):
 PSYoungGen      total 135168K, used 10237K [0x000000076cd00000, 0x0000000776a00000, 0x00000007c0000000)
  eden space 124928K, 0% used [0x000000076cd00000,0x000000076cd00000,0x0000000774700000)
  from space 10240K, 99% used [0x0000000774b00000,0x00000007754ff450,0x0000000775500000)
  to   space 17920K, 0% used [0x0000000775880000,0x0000000775880000,0x0000000776a00000)
 ParOldGen       total 171008K, used 18854K [0x00000006c6600000, 0x00000006d0d00000, 0x000000076cd00000)
  object space 171008K, 11% used [0x00000006c6600000,0x00000006c7869828,0x00000006d0d00000)
 Metaspace       used 20776K, capacity 21182K, committed 21296K, reserved 1069056K
  class space    used 2483K, capacity 2585K, committed 2608K, reserved 1048576K
}
Event: 4.368 GC heap before
{Heap before GC invocations=6 (full 1):
 PSYoungGen      total 135168K, used 10237K [0x000000076cd00000, 0x0000000776a00000, 0x00000007c0000000)
  eden space 124928K, 0% used [0x000000076cd00000,0x000000076cd00000,0x0000000774700000)
  from space 10240K, 99% used [0x0000000774b00000,0x00000007754ff450,0x0000000775500000)
  to   space 17920K, 0% used [0x0000000775880000,0x0000000775880000,0x0000000776a00000)
 ParOldGen       total 171008K, used 18854K [0x00000006c6600000, 0x00000006d0d00000, 0x000000076cd00000)
  object space 171008K, 11% used [0x00000006c6600000,0x00000006c7869828,0x00000006d0d00000)
 Metaspace       used 20776K, capacity 21182K, committed 21296K, reserved 1069056K
  class space    used 2483K, capacity 2585K, committed 2608K, reserved 1048576K
Event: 4.430 GC heap after
Heap after GC invocations=6 (full 1):
 PSYoungGen      total 135168K, used 0K [0x000000076cd00000, 0x0000000776a00000, 0x00000007c0000000)
  eden space 124928K, 0% used [0x000000076cd00000,0x000000076cd00000,0x0000000774700000)
  from space 10240K, 0% used [0x0000000774b00000,0x0000000774b00000,0x0000000775500000)
  to   space 17920K, 0% used [0x0000000775880000,0x0000000775880000,0x0000000776a00000)
 ParOldGen       total 136192K, used 24798K [0x00000006c6600000, 0x00000006ceb00000, 0x000000076cd00000)
  object space 136192K, 18% used [0x00000006c6600000,0x00000006c7e37b28,0x00000006ceb00000)
 Metaspace       used 20776K, capacity 21182K, committed 21296K, reserved 1069056K
  class space    used 2483K, capacity 2585K, committed 2608K, reserved 1048576K
}
Event: 6.169 GC heap before
{Heap before GC invocations=7 (full 1):
 PSYoungGen      total 135168K, used 124928K [0x000000076cd00000, 0x0000000776a00000, 0x00000007c0000000)
  eden space 124928K, 100% used [0x000000076cd00000,0x0000000774700000,0x0000000774700000)
  from space 10240K, 0% used [0x0000000774b00000,0x0000000774b00000,0x0000000775500000)
  to   space 17920K, 0% used [0x0000000775880000,0x0000000775880000,0x0000000776a00000)
 ParOldGen       total 136192K, used 24798K [0x00000006c6600000, 0x00000006ceb00000, 0x000000076cd00000)
  object space 136192K, 18% used [0x00000006c6600000,0x00000006c7e37b28,0x00000006ceb00000)
 Metaspace       used 23953K, capacity 24488K, committed 24752K, reserved 1071104K
  class space    used 2788K, capacity 2918K, committed 2992K, reserved 1048576K
Event: 6.178 GC heap after
Heap after GC invocations=7 (full 1):
 PSYoungGen      total 142848K, used 17889K [0x000000076cd00000, 0x0000000776a00000, 0x00000007c0000000)
  eden space 124928K, 0% used [0x000000076cd00000,0x000000076cd00000,0x0000000774700000)
  from space 17920K, 99% used [0x0000000775880000,0x00000007769f8648,0x0000000776a00000)
  to   space 10240K, 0% used [0x0000000774b00000,0x0000000774b00000,0x0000000775500000)
 ParOldGen       total 136192K, used 27644K [0x00000006c6600000, 0x00000006ceb00000, 0x000000076cd00000)
  object space 136192K, 20% used [0x00000006c6600000,0x00000006c80ff238,0x00000006ceb00000)
 Metaspace       used 23953K, capacity 24488K, committed 24752K, reserved 1071104K
  class space    used 2788K, capacity 2918K, committed 2992K, reserved 1048576K
}

Deoptimization events (10 events):
Event: 6.007 Thread 0x00000000034b7000 Uncommon trap: reason=bimorphic action=maybe_recompile pc=0x0000000003ba6c78 method=java.util.regex.Pattern$5.isSatisfiedBy(I)Z @ 5
Event: 6.007 Thread 0x00000000034b7000 Uncommon trap: reason=bimorphic action=maybe_recompile pc=0x0000000003ba6c78 method=java.util.regex.Pattern$5.isSatisfiedBy(I)Z @ 5
Event: 6.040 Thread 0x00000000034b7000 Uncommon trap: reason=unstable_if action=reinterpret pc=0x0000000004124a10 method=java.lang.Integer.valueOf(I)Ljava/lang/Integer; @ 3
Event: 6.259 Thread 0x00000000034b7000 Uncommon trap: reason=unstable_if action=reinterpret pc=0x0000000003c46c80 method=java.util.regex.Pattern$BitClass.isSatisfiedBy(I)Z @ 4
Event: 6.349 Thread 0x00000000034b7000 Uncommon trap: reason=unstable_if action=reinterpret pc=0x0000000003b092e8 method=com.sun.tools.javac.code.Symbol$TypeSymbol.formFullName(Lcom/sun/tools/javac/util/Name;Lcom/sun/tools/javac/code/Symbol;)Lcom/sun/tools/javac/util/Name; @ 1
Event: 6.349 Thread 0x00000000034b7000 Uncommon trap: reason=unstable_if action=reinterpret pc=0x000000000392d9d8 method=com.sun.tools.javac.code.Symbol$TypeSymbol.formFlatName(Lcom/sun/tools/javac/util/Name;Lcom/sun/tools/javac/code/Symbol;)Lcom/sun/tools/javac/util/Name; @ 73
Event: 6.353 Thread 0x00000000034b7000 Uncommon trap: reason=speculate_class_check action=maybe_recompile pc=0x0000000003b070b8 method=com.sun.tools.javac.file.JavacFileManager.inferBinaryName(Ljavax/tools/JavaFileManager$Location;Ljavax/tools/JavaFileObject;)Ljava/lang/String; @ 23
Event: 6.353 Thread 0x00000000034b7000 Uncommon trap: reason=speculate_class_check action=maybe_recompile pc=0x0000000003b070b8 method=com.sun.tools.javac.file.JavacFileManager.inferBinaryName(Ljavax/tools/JavaFileManager$Location;Ljavax/tools/JavaFileObject;)Ljava/lang/String; @ 23
Event: 6.353 Thread 0x00000000034b7000 Uncommon trap: reason=speculate_class_check action=maybe_recompile pc=0x0000000003b070b8 method=com.sun.tools.javac.file.JavacFileManager.inferBinaryName(Ljavax/tools/JavaFileManager$Location;Ljavax/tools/JavaFileObject;)Ljava/lang/String; @ 23
Event: 6.353 Thread 0x00000000034b7000 Uncommon trap: reason=speculate_class_check action=maybe_recompile pc=0x0000000003b070b8 method=com.sun.tools.javac.file.JavacFileManager.inferBinaryName(Ljavax/tools/JavaFileManager$Location;Ljavax/tools/JavaFileObject;)Ljava/lang/String; @ 23

Internal exceptions (10 events):
Event: 4.566 Thread 0x00000000034b7000 Exception <a 'java/security/PrivilegedActionException'> (0x000000076d4de048) thrown at [C:\re\workspace\8-2-build-windows-amd64-cygwin\jdk8u121\8372\hotspot\src\share\vm\prims\jvm.cpp, line 1390]
Event: 4.566 Thread 0x00000000034b7000 Exception <a 'java/security/PrivilegedActionException'> (0x000000076d4df6c8) thrown at [C:\re\workspace\8-2-build-windows-amd64-cygwin\jdk8u121\8372\hotspot\src\share\vm\prims\jvm.cpp, line 1390]
Event: 4.566 Thread 0x00000000034b7000 Exception <a 'java/security/PrivilegedActionException'> (0x000000076d4dfac0) thrown at [C:\re\workspace\8-2-build-windows-amd64-cygwin\jdk8u121\8372\hotspot\src\share\vm\prims\jvm.cpp, line 1390]
Event: 5.057 Thread 0x00000000034b7000 Exception <a 'java/io/FileNotFoundException'> (0x000000076df2c850) thrown at [C:\re\workspace\8-2-build-windows-amd64-cygwin\jdk8u121\8372\hotspot\src\share\vm\prims\jni.cpp, line 709]
Event: 5.106 Thread 0x00000000034b7000 Exception <a 'java/io/FileNotFoundException'> (0x000000076df61100) thrown at [C:\re\workspace\8-2-build-windows-amd64-cygwin\jdk8u121\8372\hotspot\src\share\vm\prims\jni.cpp, line 709]
Event: 5.120 Thread 0x00000000034b7000 Exception <a 'java/io/FileNotFoundException'> (0x000000076e3157f8) thrown at [C:\re\workspace\8-2-build-windows-amd64-cygwin\jdk8u121\8372\hotspot\src\share\vm\prims\jni.cpp, line 709]
Event: 5.120 Thread 0x00000000034b7000 Exception <a 'java/io/FileNotFoundException'> (0x000000076e316658) thrown at [C:\re\workspace\8-2-build-windows-amd64-cygwin\jdk8u121\8372\hotspot\src\share\vm\prims\jni.cpp, line 709]
Event: 5.932 Thread 0x00000000034b7000 Implicit null exception at 0x0000000003c53573 to 0x0000000003c539b9
Event: 5.935 Thread 0x00000000034b7000 Implicit null exception at 0x0000000003bf5615 to 0x0000000003bf5819
Event: 6.349 Thread 0x00000000034b7000 Implicit null exception at 0x0000000003b091cf to 0x0000000003b092d5

Events (10 events):
Event: 6.353 Thread 0x00000000034b7000 Uncommon trap: trap_request=0xffffff76 fr.pc=0x0000000003b070b8
Event: 6.353 Thread 0x00000000034b7000 DEOPT PACKING pc=0x0000000003b070b8 sp=0x00000000034ad720
Event: 6.353 Thread 0x00000000034b7000 DEOPT UNPACKING pc=0x00000000035f582a sp=0x00000000034ad710 mode 2
Event: 6.353 Thread 0x00000000034b7000 Uncommon trap: trap_request=0xffffff76 fr.pc=0x0000000003b070b8
Event: 6.353 Thread 0x00000000034b7000 DEOPT PACKING pc=0x0000000003b070b8 sp=0x00000000034ad680
Event: 6.353 Thread 0x00000000034b7000 DEOPT UNPACKING pc=0x00000000035f582a sp=0x00000000034ad670 mode 2
Event: 6.398 Thread 0x00000000034b7000 DEOPT PACKING pc=0x00000000038a47d4 sp=0x00000000034acbe0
Event: 6.398 Thread 0x00000000034b7000 DEOPT UNPACKING pc=0x00000000035f787f sp=0x00000000034ac8f0 mode 0
Event: 6.429 Thread 0x00000000034b7000 DEOPT PACKING pc=0x00000000038a47d4 sp=0x00000000034acbe0
Event: 6.429 Thread 0x00000000034b7000 DEOPT UNPACKING pc=0x00000000035f787f sp=0x00000000034ac8f0 mode 0


Dynamic libraries:
0x00007ff7b5820000 - 0x00007ff7b5857000 	C:\softwareEnviroment\jdk\jdk1.8.0_121\bin\javaw.exe
0x00007ff809320000 - 0x00007ff809510000 	C:\windows\SYSTEM32\ntdll.dll
0x00007ff8088f0000 - 0x00007ff8089a2000 	C:\windows\System32\KERNEL32.DLL
0x00007ff8067f0000 - 0x00007ff806a95000 	C:\windows\System32\KERNELBASE.dll
0x00007ffffe9b0000 - 0x00007ffffea3f000 	C:\windows\SYSTEM32\apphelp.dll
0x00007fffcc990000 - 0x00007fffcce22000 	C:\windows\SYSTEM32\AcLayers.DLL
0x00007ff807880000 - 0x00007ff80791e000 	C:\windows\System32\msvcrt.dll
0x00007ff807630000 - 0x00007ff8077c4000 	C:\windows\System32\USER32.dll
0x00007ff8072a0000 - 0x00007ff8072c1000 	C:\windows\System32\win32u.dll
0x00007ff8077d0000 - 0x00007ff8077f6000 	C:\windows\System32\GDI32.dll
0x00007ff8062b0000 - 0x00007ff806446000 	C:\windows\System32\gdi32full.dll
0x00007ff8064b0000 - 0x00007ff80654e000 	C:\windows\System32\msvcp_win.dll
0x00007ff8072d0000 - 0x00007ff8073ca000 	C:\windows\System32\ucrtbase.dll
0x00007ff809280000 - 0x00007ff8092d2000 	C:\windows\System32\SHLWAPI.dll
0x00007ff808ce0000 - 0x00007ff809015000 	C:\windows\System32\combase.dll
0x00007ff808b90000 - 0x00007ff808cb0000 	C:\windows\System32\RPCRT4.dll
0x00007ff806aa0000 - 0x00007ff806b20000 	C:\windows\System32\bcryptPrimitives.dll
0x00007ff809090000 - 0x00007ff809133000 	C:\windows\System32\ADVAPI32.dll
0x00007ff807930000 - 0x00007ff8079c7000 	C:\windows\System32\sechost.dll
0x0000000000880000 - 0x0000000000883000 	C:\windows\SYSTEM32\sfc.dll
0x00007fffe2960000 - 0x00007fffe29e9000 	C:\windows\SYSTEM32\WINSPOOL.DRV
0x00007ff806240000 - 0x00007ff806251000 	C:\windows\System32\kernel.appcore.dll
0x00007ff806550000 - 0x00007ff806576000 	C:\windows\System32\bcrypt.dll
0x00007ff803de0000 - 0x00007ff803ed0000 	C:\windows\SYSTEM32\PROPSYS.dll
0x00007ff8086a0000 - 0x00007ff808765000 	C:\windows\System32\OLEAUT32.dll
0x00007ff807450000 - 0x00007ff8074f9000 	C:\windows\System32\shcore.dll
0x00007ff8050c0000 - 0x00007ff8050fa000 	C:\windows\SYSTEM32\IPHLPAPI.DLL
0x00007fffe7b70000 - 0x00007fffe7b81000 	C:\windows\SYSTEM32\sfc_os.DLL
0x00007fffff360000 - 0x00007fffff371000 	C:\windows\SYSTEM32\SortWindows61.dll
0x00007ff808cb0000 - 0x00007ff808cde000 	C:\windows\System32\IMM32.DLL
0x00007ff8056d0000 - 0x00007ff805954000 	C:\windows\WinSxS\amd64_microsoft.windows.common-controls_6595b64144ccf1df_6.0.18362.1139_none_9e7bf2d3e4605ac6\COMCTL32.dll
0x00007ffff9010000 - 0x00007ffff90bc000 	C:\windows\system32\tmumh\20019\AddOn\7.0.0.1169\TmUmEvt64.dll
0x00007ff807920000 - 0x00007ff807928000 	C:\windows\System32\PSAPI.DLL
0x000000006fc40000 - 0x000000006fd5a000 	C:\windows\system32\tmumh\20019\TmMon\2.5.0.2096\tmmon64.dll
0x000000006d680000 - 0x000000006d752000 	C:\softwareEnviroment\jdk\jdk1.8.0_121\jre\bin\msvcr100.dll
0x000000006db80000 - 0x000000006e41b000 	C:\softwareEnviroment\jdk\jdk1.8.0_121\jre\bin\server\jvm.dll
0x00007fffe09c0000 - 0x00007fffe09c9000 	C:\windows\SYSTEM32\WSOCK32.dll
0x00007ff809020000 - 0x00007ff80908f000 	C:\windows\System32\WS2_32.dll
0x00007fffffab0000 - 0x00007fffffad4000 	C:\windows\SYSTEM32\WINMM.dll
0x00007ffffa2e0000 - 0x00007ffffa2ea000 	C:\windows\SYSTEM32\VERSION.dll
0x00007fffffa80000 - 0x00007fffffaad000 	C:\windows\SYSTEM32\WINMMBASE.dll
0x00007ff8066d0000 - 0x00007ff80671a000 	C:\windows\System32\cfgmgr32.dll
0x000000006ef00000 - 0x000000006ef0f000 	C:\softwareEnviroment\jdk\jdk1.8.0_121\jre\bin\verify.dll
0x000000006eed0000 - 0x000000006eef9000 	C:\softwareEnviroment\jdk\jdk1.8.0_121\jre\bin\java.dll
0x000000006ee80000 - 0x000000006ee96000 	C:\softwareEnviroment\jdk\jdk1.8.0_121\jre\bin\zip.dll
0x00007ff8079d0000 - 0x00007ff8080b7000 	C:\windows\System32\SHELL32.dll
0x00007ff806b20000 - 0x00007ff8072a0000 	C:\windows\System32\windows.storage.dll
0x00007ff806210000 - 0x00007ff806233000 	C:\windows\System32\profapi.dll
0x00007ff806260000 - 0x00007ff8062aa000 	C:\windows\System32\powrprof.dll
0x00007ff8061e0000 - 0x00007ff8061f0000 	C:\windows\System32\UMPDC.dll
0x00007ff8067d0000 - 0x00007ff8067e7000 	C:\windows\System32\cryptsp.dll
0x00007ff804f20000 - 0x00007ff804f53000 	C:\windows\system32\rsaenh.dll
0x00007ff806100000 - 0x00007ff806125000 	C:\windows\SYSTEM32\USERENV.dll
0x00007ff805560000 - 0x00007ff80556c000 	C:\windows\SYSTEM32\CRYPTBASE.dll
0x000000006da80000 - 0x000000006da9a000 	C:\softwareEnviroment\jdk\jdk1.8.0_121\jre\bin\net.dll
0x00007ff805340000 - 0x00007ff8053a7000 	C:\windows\system32\mswsock.dll
0x00007ff808b80000 - 0x00007ff808b88000 	C:\windows\System32\NSI.dll
0x00007ffffd390000 - 0x00007ffffd3a6000 	C:\windows\SYSTEM32\dhcpcsvc6.DLL
0x00007ffffd270000 - 0x00007ffffd28c000 	C:\windows\SYSTEM32\dhcpcsvc.DLL
0x00007ff805100000 - 0x00007ff8051cb000 	C:\windows\SYSTEM32\DNSAPI.dll
0x000000006da60000 - 0x000000006da71000 	C:\softwareEnviroment\jdk\jdk1.8.0_121\jre\bin\nio.dll
0x00007ffffc9f0000 - 0x00007ffffc9fa000 	C:\Users\mingshengwang\AppData\Local\Temp\jansi-1.17-8626463610288705056.dll
0x00007ffff9710000 - 0x00007ffff971a000 	C:\Users\mingshengwang\AppData\Local\Temp\jansi-1.17-8065258339893257880.dll

VM Arguments:
jvm_args: -Dlog.path.prefix=D:\data -DrcsCfg_dir=D:\\bridge\walletwork\wallet-junior_3.2.15\src\main\resources\rcsCfg-test.properties -XX:-UseGCOverheadLimit -Dmaven.home=EMBEDDED -Dclassworlds.conf=D:\workspace\.metadata\.plugins\org.eclipse.m2e.launching\launches\m2conf7910003938206280750.tmp -Dmaven.multiModuleProjectDirectory=D:\workspace\roncoo-pay\roncoo-pay-jackdking-middleplatformservices -Dfile.encoding=GBK 
java_command: org.codehaus.plexus.classworlds.launcher.Launcher -B install
java_class_path (initial): D:\worksoftware\eclipse\plugins\org.eclipse.m2e.maven.runtime_1.10.0.20181127-2120\jars\plexus-classworlds-2.5.2.jar
Launcher Type: SUN_STANDARD

Environment Variables:
JAVA_HOME=C:\softwareEnviroment\jdk\jdk1.8.0_121
PATH=C:/softwareEnviroment/jdk/jdk1.8.0_121/bin/../jre/bin/server;C:/softwareEnviroment/jdk/jdk1.8.0_121/bin/../jre/bin;C:/softwareEnviroment/jdk/jdk1.8.0_121/bin/../jre/lib/amd64;D:\worksoftware\python379\Scripts\;D:\worksoftware\python379\;C:\windows\system32;C:\windows;C:\windows\System32\Wbem;C:\windows\System32\WindowsPowerShell\v1.0\;C:\windows\System32\OpenSSH\;C:\softwareEnviroment\jdk\jdk1.8.0_121\bin;C:\softwareEnviroment\apache-maven-3.6.3\bin;D:\worksoftware\svn\bin;D:\worksoftware\Git\cmd;D:\worksoftware\redis-2.6;D:\worksoftware\nodejs;D:\worksoftware\python379\Scripts;C:\Users\mingshengwang\AppData\Local\Microsoft\WindowsApps;D:\worksoftware\eclipse;
USERNAME=mingshengwang
OS=Windows_NT
PROCESSOR_IDENTIFIER=Intel64 Family 6 Model 126 Stepping 5, GenuineIntel



---------------  S Y S T E M  ---------------

OS: Windows 10.0 , 64 bit Build 18362 (10.0.18362.1110)

CPU:total 8 (4 cores per cpu, 2 threads per core) family 6 model 126 stepping 5, cmov, cx8, fxsr, mmx, sse, sse2, sse3, ssse3, sse4.1, sse4.2, popcnt, avx, avx2, aes, clmul, erms, 3dnowpref, lzcnt, ht, tsc, tscinvbit, bmi1, bmi2, adx

Memory: 4k page, physical 16357888k(6439540k free), swap 29465340k(4120k free)

vm_info: Java HotSpot(TM) 64-Bit Server VM (25.121-b13) for windows-amd64 JRE (1.8.0_121-b13), built on Dec 12 2016 18:21:36 by "java_re" with MS VC++ 10.0 (VS2010)

time: Wed Nov 04 11:37:19 2020
elapsed time: 6 seconds (0d 0h 0m 6s)

