#
# There is insufficient memory for the Java Runtime Environment to continue.
# Native memory allocation (malloc) failed to allocate 36896 bytes for Chunk::new
# Possible reasons:
#   The system is out of physical RAM or swap space
#   In 32 bit mode, the process size limit was hit
# Possible solutions:
#   Reduce memory load on the system
#   Increase physical memory or swap space
#   Check if swap backing store is full
#   Use 64 bit Java on a 64 bit OS
#   Decrease Java heap size (-Xmx/-Xms)
#   Decrease number of Java threads
#   Decrease Java thread stack sizes (-Xss)
#   Set larger code cache with -XX:ReservedCodeCacheSize=
# This output file may be truncated or incomplete.
#
#  Out of Memory Error (allocation.cpp:390), pid=12088, tid=0x00000000000025f8
#
# JRE version: Java(TM) SE Runtime Environment (8.0_121-b13) (build 1.8.0_121-b13)
# Java VM: Java HotSpot(TM) 64-Bit Server VM (25.121-b13 mixed mode windows-amd64 compressed oops)
# Failed to write core dump. Minidumps are not enabled by default on client versions of Windows
#

---------------  T H R E A D  ---------------

Current thread (0x000000001e245000):  JavaThread "C2 CompilerThread2" daemon [_thread_in_native, id=9720, stack(0x000000001f5d0000,0x000000001f6d0000)]

Stack: [0x000000001f5d0000,0x000000001f6d0000]
[error occurred during error reporting (printing stack bounds), id 0xc0000005]

Native frames: (J=compiled Java code, j=interpreted, Vv=VM code, C=native code)


Current CompileTask:
C2:    124   86  s    4       java.lang.StringBuffer::append (13 bytes)


---------------  P R O C E S S  ---------------

Java Threads: ( => current thread )
  0x000000001e2c0000 JavaThread "Service Thread" daemon [_thread_blocked, id=11188, stack(0x000000001f7d0000,0x000000001f8d0000)]
  0x000000001e24e800 JavaThread "C1 CompilerThread3" daemon [_thread_blocked, id=13692, stack(0x000000001f6d0000,0x000000001f7d0000)]
=>0x000000001e245000 JavaThread "C2 CompilerThread2" daemon [_thread_in_native, id=9720, stack(0x000000001f5d0000,0x000000001f6d0000)]
  0x000000001e1cf800 JavaThread "C2 CompilerThread1" daemon [_thread_blocked, id=9980, stack(0x000000001f4d0000,0x000000001f5d0000)]
  0x000000001e23d000 JavaThread "C2 CompilerThread0" daemon [_thread_blocked, id=6264, stack(0x000000001f3d0000,0x000000001f4d0000)]
  0x000000001e23a000 JavaThread "Attach Listener" daemon [_thread_blocked, id=10612, stack(0x000000001f2d0000,0x000000001f3d0000)]
  0x000000001e1ce800 JavaThread "Signal Dispatcher" daemon [_thread_blocked, id=956, stack(0x000000001f1d0000,0x000000001f2d0000)]
  0x000000001cdde000 JavaThread "Finalizer" daemon [_thread_blocked, id=12024, stack(0x000000001f0d0000,0x000000001f1d0000)]
  0x000000001e15a000 JavaThread "Reference Handler" daemon [_thread_blocked, id=19528, stack(0x000000001efd0000,0x000000001f0d0000)]
  0x0000000003577000 JavaThread "main" [_thread_in_Java, id=8844, stack(0x0000000003470000,0x0000000003570000)]

Other Threads:
  0x000000001cdd3800 VMThread [stack: 0x000000001eed0000,0x000000001efd0000] [id=12516]
  0x000000001e33d000 WatcherThread [stack: 0x000000001f8d0000,0x000000001f9d0000] [id=14736]

VM state:not at safepoint (normal execution)

VM Mutex/Monitor currently owned by a thread: None

Heap:
 PSYoungGen      total 74752K, used 3870K [0x000000076cd00000, 0x0000000772000000, 0x00000007c0000000)
  eden space 64512K, 6% used [0x000000076cd00000,0x000000076d0c7af8,0x0000000770c00000)
  from space 10240K, 0% used [0x0000000771600000,0x0000000771600000,0x0000000772000000)
  to   space 10240K, 0% used [0x0000000770c00000,0x0000000770c00000,0x0000000771600000)
 ParOldGen       total 171008K, used 0K [0x00000006c6600000, 0x00000006d0d00000, 0x000000076cd00000)
  object space 171008K, 0% used [0x00000006c6600000,0x00000006c6600000,0x00000006d0d00000)
 Metaspace       used 3339K, capacity 4670K, committed 4864K, reserved 1058816K
  class space    used 362K, capacity 426K, committed 512K, reserved 1048576K

Card table byte_map: [0x0000000012a30000,0x0000000013200000] byte_map_base: 0x000000000f3fd000

Marking Bits: (ParMarkBitMap*) 0x000000006e39b6d0
 Begin Bits: [0x0000000013f40000, 0x0000000017da8000)
 End Bits:   [0x0000000017da8000, 0x000000001bc10000)

Polling page: 0x0000000003330000

CodeCache: size=245760Kb used=1223Kb max_used=1225Kb free=244536Kb
 bounds [0x0000000003670000, 0x00000000038e0000, 0x0000000012670000]
 total_blobs=339 nmethods=92 adapters=160
 compilation: enabled

Compilation events (10 events):
Event: 0.117 Thread 0x000000001e23d000 nmethod 84 0x00000000037a2090 code [0x00000000037a21c0, 0x00000000037a2238]
Event: 0.117 Thread 0x000000001e245000   86  s    4       java.lang.StringBuffer::append (13 bytes)
Event: 0.117 Thread 0x000000001e24e800   87       3       java.io.WinNTFileSystem::isLetter (30 bytes)
Event: 0.117 Thread 0x000000001e24e800 nmethod 87 0x00000000037a1c50 code [0x00000000037a1dc0, 0x00000000037a2010]
Event: 0.118 Thread 0x000000001e24e800   88  s    1       java.util.Vector::size (5 bytes)
Event: 0.118 Thread 0x000000001e1cf800 nmethod 85 0x00000000037a0410 code [0x00000000037a0560, 0x00000000037a0658]
Event: 0.118 Thread 0x000000001e24e800 nmethod 88 0x000000000379ffd0 code [0x00000000037a0120, 0x00000000037a0390]
Event: 0.118 Thread 0x000000001e24e800   89       1       java.util.zip.ZipFile::access$000 (5 bytes)
Event: 0.118 Thread 0x000000001e24e800 nmethod 89 0x000000000379fd10 code [0x000000000379fe60, 0x000000000379ff50]
Event: 0.118 Thread 0x000000001e24e800   90       3       java.lang.String::toCharArray (25 bytes)

GC Heap History (0 events):
No events

Deoptimization events (0 events):
No events

Internal exceptions (2 events):
Event: 0.027 Thread 0x0000000003577000 Exception <a 'java/lang/NoSuchMethodError': Method sun.misc.Unsafe.defineClass(Ljava/lang/String;[BII)Ljava/lang/Class; name or signature does not match> (0x000000076cd07ca8) thrown at [C:\re\workspace\8-2-build-windows-amd64-cygwin\jdk8u121\8372\hotspot\
Event: 0.027 Thread 0x0000000003577000 Exception <a 'java/lang/NoSuchMethodError': Method sun.misc.Unsafe.prefetchRead(Ljava/lang/Object;J)V name or signature does not match> (0x000000076cd07f90) thrown at [C:\re\workspace\8-2-build-windows-amd64-cygwin\jdk8u121\8372\hotspot\src\share\vm\prims

Events (10 events):
Event: 0.110 loading class org/apache/maven/cli/MavenCli
Event: 0.110 loading class org/apache/maven/cli/MavenCli done
Event: 0.110 loading class java/util/TreeMap$KeySet
Event: 0.110 loading class java/util/TreeMap$KeySet done
Event: 0.110 loading class java/util/TreeMap$KeyIterator
Event: 0.110 loading class java/util/TreeMap$PrivateEntryIterator
Event: 0.110 loading class java/util/TreeMap$PrivateEntryIterator done
Event: 0.110 loading class java/util/TreeMap$KeyIterator done
Event: 0.110 loading class sun/misc/URLClassPath$FileLoader
Event: 0.110 loading class sun/misc/URLClassPath$FileLoader done


Dynamic libraries:
0x00007ff7b5820000 - 0x00007ff7b5857000 	C:\softwareEnviroment\jdk\jdk1.8.0_121\bin\javaw.exe
0x00007ff809320000 - 0x00007ff809510000 	C:\windows\SYSTEM32\ntdll.dll
0x00007ff8088f0000 - 0x00007ff8089a2000 	C:\windows\System32\KERNEL32.DLL
0x00007ff8067f0000 - 0x00007ff806a95000 	C:\windows\System32\KERNELBASE.dll
0x00007ffffe9b0000 - 0x00007ffffea3f000 	C:\windows\SYSTEM32\apphelp.dll
0x00007fffcc990000 - 0x00007fffcce22000 	C:\windows\SYSTEM32\AcLayers.DLL
0x00007ff807880000 - 0x00007ff80791e000 	C:\windows\System32\msvcrt.dll
0x00007ff807630000 - 0x00007ff8077c4000 	C:\windows\System32\USER32.dll
0x00007ff8072a0000 - 0x00007ff8072c1000 	C:\windows\System32\win32u.dll
0x00007ff8077d0000 - 0x00007ff8077f6000 	C:\windows\System32\GDI32.dll
0x00007ff8062b0000 - 0x00007ff806446000 	C:\windows\System32\gdi32full.dll
0x00007ff8064b0000 - 0x00007ff80654e000 	C:\windows\System32\msvcp_win.dll
0x00007ff8072d0000 - 0x00007ff8073ca000 	C:\windows\System32\ucrtbase.dll
0x00007ff809280000 - 0x00007ff8092d2000 	C:\windows\System32\SHLWAPI.dll
0x00007ff808ce0000 - 0x00007ff809015000 	C:\windows\System32\combase.dll
0x00007ff808b90000 - 0x00007ff808cb0000 	C:\windows\System32\RPCRT4.dll
0x00007ff806aa0000 - 0x00007ff806b20000 	C:\windows\System32\bcryptPrimitives.dll
0x00007ff809090000 - 0x00007ff809133000 	C:\windows\System32\ADVAPI32.dll
0x00007ff807930000 - 0x00007ff8079c7000 	C:\windows\System32\sechost.dll
0x0000000000900000 - 0x0000000000903000 	C:\windows\SYSTEM32\sfc.dll
0x00007fffe2960000 - 0x00007fffe29e9000 	C:\windows\SYSTEM32\WINSPOOL.DRV
0x00007ff806240000 - 0x00007ff806251000 	C:\windows\System32\kernel.appcore.dll
0x00007ff806550000 - 0x00007ff806576000 	C:\windows\System32\bcrypt.dll
0x00007ff803de0000 - 0x00007ff803ed0000 	C:\windows\SYSTEM32\PROPSYS.dll
0x00007ff8086a0000 - 0x00007ff808765000 	C:\windows\System32\OLEAUT32.dll
0x00007ff807450000 - 0x00007ff8074f9000 	C:\windows\System32\shcore.dll
0x00007ff8050c0000 - 0x00007ff8050fa000 	C:\windows\SYSTEM32\IPHLPAPI.DLL
0x00007fffe7b70000 - 0x00007fffe7b81000 	C:\windows\SYSTEM32\sfc_os.DLL
0x00007fffff360000 - 0x00007fffff371000 	C:\windows\SYSTEM32\SortWindows61.dll
0x00007ff808cb0000 - 0x00007ff808cde000 	C:\windows\System32\IMM32.DLL
0x00007ff8056d0000 - 0x00007ff805954000 	C:\windows\WinSxS\amd64_microsoft.windows.common-controls_6595b64144ccf1df_6.0.18362.1139_none_9e7bf2d3e4605ac6\COMCTL32.dll
0x00007ffff9010000 - 0x00007ffff90bc000 	C:\windows\system32\tmumh\20019\AddOn\7.0.0.1169\TmUmEvt64.dll
0x00007ff807920000 - 0x00007ff807928000 	C:\windows\System32\PSAPI.DLL
0x000000006fc40000 - 0x000000006fd5a000 	C:\windows\system32\tmumh\20019\TmMon\2.5.0.2096\tmmon64.dll
0x000000006d680000 - 0x000000006d752000 	C:\softwareEnviroment\jdk\jdk1.8.0_121\jre\bin\msvcr100.dll
0x000000006db80000 - 0x000000006e41b000 	C:\softwareEnviroment\jdk\jdk1.8.0_121\jre\bin\server\jvm.dll
0x00007fffe09c0000 - 0x00007fffe09c9000 	C:\windows\SYSTEM32\WSOCK32.dll
0x00007ff809020000 - 0x00007ff80908f000 	C:\windows\System32\WS2_32.dll
0x00007fffffab0000 - 0x00007fffffad4000 	C:\windows\SYSTEM32\WINMM.dll
0x00007ffffa2e0000 - 0x00007ffffa2ea000 	C:\windows\SYSTEM32\VERSION.dll
0x00007fffffa80000 - 0x00007fffffaad000 	C:\windows\SYSTEM32\WINMMBASE.dll
0x00007ff8066d0000 - 0x00007ff80671a000 	C:\windows\System32\cfgmgr32.dll
0x000000006ef00000 - 0x000000006ef0f000 	C:\softwareEnviroment\jdk\jdk1.8.0_121\jre\bin\verify.dll
0x000000006eed0000 - 0x000000006eef9000 	C:\softwareEnviroment\jdk\jdk1.8.0_121\jre\bin\java.dll
0x000000006ee80000 - 0x000000006ee96000 	C:\softwareEnviroment\jdk\jdk1.8.0_121\jre\bin\zip.dll
0x00007ff8079d0000 - 0x00007ff8080b7000 	C:\windows\System32\SHELL32.dll
0x00007ff806b20000 - 0x00007ff8072a0000 	C:\windows\System32\windows.storage.dll
0x00007ff806210000 - 0x00007ff806233000 	C:\windows\System32\profapi.dll
0x00007ff806260000 - 0x00007ff8062aa000 	C:\windows\System32\powrprof.dll
0x00007ff8061e0000 - 0x00007ff8061f0000 	C:\windows\System32\UMPDC.dll
0x00007ff8067d0000 - 0x00007ff8067e7000 	C:\windows\System32\cryptsp.dll

VM Arguments:
jvm_args: -Dlog.path.prefix=D:\data -DrcsCfg_dir=D:\\bridge\walletwork\wallet-junior_3.2.15\src\main\resources\rcsCfg-test.properties -XX:-UseGCOverheadLimit -Dmaven.home=EMBEDDED -Dclassworlds.conf=D:\workspace\.metadata\.plugins\org.eclipse.m2e.launching\launches\m2conf6287761629755479392.tmp -Dmaven.multiModuleProjectDirectory=D:\workspace\roncoo-pay\roncoo-pay-jackdking-middleplatformservices -Dfile.encoding=GBK 
java_command: org.codehaus.plexus.classworlds.launcher.Launcher -B clean
java_class_path (initial): D:\worksoftware\eclipse\plugins\org.eclipse.m2e.maven.runtime_1.10.0.20181127-2120\jars\plexus-classworlds-2.5.2.jar
Launcher Type: SUN_STANDARD

Environment Variables:
JAVA_HOME=C:\softwareEnviroment\jdk\jdk1.8.0_121
PATH=C:/softwareEnviroment/jdk/jdk1.8.0_121/bin/../jre/bin/server;C:/softwareEnviroment/jdk/jdk1.8.0_121/bin/../jre/bin;C:/softwareEnviroment/jdk/jdk1.8.0_121/bin/../jre/lib/amd64;D:\worksoftware\python379\Scripts\;D:\worksoftware\python379\;C:\windows\system32;C:\windows;C:\windows\System32\Wbem;C:\windows\System32\WindowsPowerShell\v1.0\;C:\windows\System32\OpenSSH\;C:\softwareEnviroment\jdk\jdk1.8.0_121\bin;C:\softwareEnviroment\apache-maven-3.6.3\bin;D:\worksoftware\svn\bin;D:\worksoftware\Git\cmd;D:\worksoftware\redis-2.6;D:\worksoftware\nodejs;D:\worksoftware\python379\Scripts;C:\Users\mingshengwang\AppData\Local\Microsoft\WindowsApps;D:\worksoftware\eclipse;
USERNAME=mingshengwang
OS=Windows_NT
PROCESSOR_IDENTIFIER=Intel64 Family 6 Model 126 Stepping 5, GenuineIntel



---------------  S Y S T E M  ---------------

OS: Windows 10.0 , 64 bit Build 18362 (10.0.18362.1110)

CPU:total 8 (4 cores per cpu, 2 threads per core) family 6 model 126 stepping 5, cmov, cx8, fxsr, mmx, sse, sse2, sse3, ssse3, sse4.1, sse4.2, popcnt, avx, avx2, aes, clmul, erms, 3dnowpref, lzcnt, ht, tsc, tscinvbit, bmi1, bmi2, adx

Memory: 4k page, physical 16357888k(6300100k free), swap 29465340k(3344k free)

vm_info: Java HotSpot(TM) 64-Bit Server VM (25.121-b13) for windows-amd64 JRE (1.8.0_121-b13), built on Dec 12 2016 18:21:36 by "java_re" with MS VC++ 10.0 (VS2010)

time: Wed Nov 04 14:17:59 2020
elapsed time: 0 seconds (0d 0h 0m 0s)

