2020-10-22 13:52:34.632  INFO 18068 --- [restartedMain] .p.j.m.MiddlePlatformServicesApplication : Starting MiddlePlatformServicesApplication on mingshengwang-02 with PID 18068 (D:\workspace\roncoo-pay\roncoo-pay-jackdking-middleplatformservices\target\classes started by mingshengwang in D:\workspace\roncoo-pay\roncoo-pay-jackdking-middleplatformservices)
2020-10-22 13:52:34.634  INFO 18068 --- [restartedMain] .p.j.m.MiddlePlatformServicesApplication : The following profiles are active: dev
2020-10-22 13:52:34.707  INFO 18068 --- [restartedMain] .e.DevToolsPropertyDefaultsPostProcessor : Devtools property defaults active! Set 'spring.devtools.add-properties' to 'false' to disable
2020-10-22 13:52:34.708  INFO 18068 --- [restartedMain] .e.DevToolsPropertyDefaultsPostProcessor : For additional web related logging consider setting the 'logging.level.web' property to 'DEBUG'
2020-10-22 13:52:36.426  INFO 18068 --- [restartedMain] o.s.b.w.embedded.tomcat.TomcatWebServer  : Tomcat initialized with port(s): 8090 (http)
2020-10-22 13:52:36.445  INFO 18068 --- [restartedMain] o.a.coyote.http11.Http11NioProtocol      : Initializing ProtocolHandler ["http-nio-8090"]
2020-10-22 13:52:36.454  INFO 18068 --- [restartedMain] o.apache.catalina.core.StandardService   : Starting service [Tomcat]
2020-10-22 13:52:36.454  INFO 18068 --- [restartedMain] org.apache.catalina.core.StandardEngine  : Starting Servlet engine: [Apache Tomcat/9.0.14]
2020-10-22 13:52:36.466  INFO 18068 --- [restartedMain] o.a.catalina.core.AprLifecycleListener   : The APR based Apache Tomcat Native library which allows optimal performance in production environments was not found on the java.library.path: [C:\softwareEnviroment\jdk\jdk1.8.0_121\bin;C:\windows\Sun\Java\bin;C:\windows\system32;C:\windows;C:/softwareEnviroment/jdk/jdk1.8.0_121/bin/../jre/bin/server;C:/softwareEnviroment/jdk/jdk1.8.0_121/bin/../jre/bin;C:/softwareEnviroment/jdk/jdk1.8.0_121/bin/../jre/lib/amd64;D:\worksoftware\python379\Scripts\;D:\worksoftware\python379\;C:\windows\system32;C:\windows;C:\windows\System32\Wbem;C:\windows\System32\WindowsPowerShell\v1.0\;C:\windows\System32\OpenSSH\;C:\softwareEnviroment\jdk\jdk1.8.0_121\bin;C:\softwareEnviroment\apache-maven-3.6.3\bin;D:\worksoftware\svn\bin;D:\worksoftware\Git\cmd;D:\worksoftware\redis-2.6;D:\worksoftware\nodejs;D:\worksoftware\python379\Scripts;C:\Users\mingshengwang\AppData\Local\Microsoft\WindowsApps;D:\worksoftware\eclipse;;.]
2020-10-22 13:52:36.796  INFO 18068 --- [restartedMain] org.apache.jasper.servlet.TldScanner     : At least one JAR was scanned for TLDs yet contained no TLDs. Enable debug logging for this logger for a complete list of JARs that were scanned but no TLDs were found in them. Skipping unneeded JARs during scanning can improve startup time and JSP compilation time.
2020-10-22 13:52:36.803  INFO 18068 --- [restartedMain] o.a.c.c.C.[Tomcat].[localhost].[/]       : Initializing Spring embedded WebApplicationContext
2020-10-22 13:52:36.804  INFO 18068 --- [restartedMain] o.s.web.context.ContextLoader            : Root WebApplicationContext: initialization completed in 2095 ms
2020-10-22 13:52:37.846  INFO 18068 --- [restartedMain] o.s.s.concurrent.ThreadPoolTaskExecutor  : Initializing ExecutorService 'applicationTaskExecutor'
2020-10-22 13:52:38.144  INFO 18068 --- [restartedMain] o.s.b.d.a.OptionalLiveReloadServer       : LiveReload server is running on port 35729
2020-10-22 13:52:38.176  INFO 18068 --- [restartedMain] o.a.coyote.http11.Http11NioProtocol      : Starting ProtocolHandler ["http-nio-8090"]
2020-10-22 13:52:38.214  INFO 18068 --- [restartedMain] o.s.b.w.embedded.tomcat.TomcatWebServer  : Tomcat started on port(s): 8090 (http) with context path ''
2020-10-22 13:52:38.218  INFO 18068 --- [restartedMain] .p.j.m.MiddlePlatformServicesApplication : Started MiddlePlatformServicesApplication in 4.066 seconds (JVM running for 4.501)
2020-10-22 13:53:20.663  INFO 18068 --- [http-nio-8090-exec-1] o.a.c.c.C.[Tomcat].[localhost].[/]       : Initializing Spring DispatcherServlet 'dispatcherServlet'
2020-10-22 13:53:20.663  INFO 18068 --- [http-nio-8090-exec-1] o.s.web.servlet.DispatcherServlet        : Initializing Servlet 'dispatcherServlet'
2020-10-22 13:53:20.673  INFO 18068 --- [http-nio-8090-exec-1] o.s.web.servlet.DispatcherServlet        : Completed initialization in 10 ms
2020-10-22 13:54:11.228  INFO 18068 --- [Thread-6] o.s.s.concurrent.ThreadPoolTaskExecutor  : Shutting down ExecutorService 'applicationTaskExecutor'
2020-10-22 15:05:17.525  INFO 17448 --- [restartedMain] .p.j.m.MiddlePlatformServicesApplication : Starting MiddlePlatformServicesApplication on mingshengwang-02 with PID 17448 (D:\workspace\roncoo-pay\roncoo-pay-jackdking-middleplatformservices\target\classes started by mingshengwang in D:\workspace\roncoo-pay\roncoo-pay-jackdking-middleplatformservices)
2020-10-22 15:05:17.528  INFO 17448 --- [restartedMain] .p.j.m.MiddlePlatformServicesApplication : The following profiles are active: dev
2020-10-22 15:05:17.610  INFO 17448 --- [restartedMain] .e.DevToolsPropertyDefaultsPostProcessor : Devtools property defaults active! Set 'spring.devtools.add-properties' to 'false' to disable
2020-10-22 15:05:17.611  INFO 17448 --- [restartedMain] .e.DevToolsPropertyDefaultsPostProcessor : For additional web related logging consider setting the 'logging.level.web' property to 'DEBUG'
2020-10-22 15:05:19.321  INFO 17448 --- [restartedMain] o.s.b.w.embedded.tomcat.TomcatWebServer  : Tomcat initialized with port(s): 8090 (http)
2020-10-22 15:05:19.342  INFO 17448 --- [restartedMain] o.a.coyote.http11.Http11NioProtocol      : Initializing ProtocolHandler ["http-nio-8090"]
2020-10-22 15:05:19.361  INFO 17448 --- [restartedMain] o.apache.catalina.core.StandardService   : Starting service [Tomcat]
2020-10-22 15:05:19.362  INFO 17448 --- [restartedMain] org.apache.catalina.core.StandardEngine  : Starting Servlet engine: [Apache Tomcat/9.0.14]
2020-10-22 15:05:19.380  INFO 17448 --- [restartedMain] o.a.catalina.core.AprLifecycleListener   : The APR based Apache Tomcat Native library which allows optimal performance in production environments was not found on the java.library.path: [C:\softwareEnviroment\jdk\jdk1.8.0_121\bin;C:\windows\Sun\Java\bin;C:\windows\system32;C:\windows;C:/softwareEnviroment/jdk/jdk1.8.0_121/bin/../jre/bin/server;C:/softwareEnviroment/jdk/jdk1.8.0_121/bin/../jre/bin;C:/softwareEnviroment/jdk/jdk1.8.0_121/bin/../jre/lib/amd64;D:\worksoftware\python379\Scripts\;D:\worksoftware\python379\;C:\windows\system32;C:\windows;C:\windows\System32\Wbem;C:\windows\System32\WindowsPowerShell\v1.0\;C:\windows\System32\OpenSSH\;C:\softwareEnviroment\jdk\jdk1.8.0_121\bin;C:\softwareEnviroment\apache-maven-3.6.3\bin;D:\worksoftware\svn\bin;D:\worksoftware\Git\cmd;D:\worksoftware\redis-2.6;D:\worksoftware\nodejs;D:\worksoftware\python379\Scripts;C:\Users\mingshengwang\AppData\Local\Microsoft\WindowsApps;D:\worksoftware\eclipse;;.]
2020-10-22 15:05:19.709  INFO 17448 --- [restartedMain] org.apache.jasper.servlet.TldScanner     : At least one JAR was scanned for TLDs yet contained no TLDs. Enable debug logging for this logger for a complete list of JARs that were scanned but no TLDs were found in them. Skipping unneeded JARs during scanning can improve startup time and JSP compilation time.
2020-10-22 15:05:19.715  INFO 17448 --- [restartedMain] o.a.c.c.C.[Tomcat].[localhost].[/]       : Initializing Spring embedded WebApplicationContext
2020-10-22 15:05:19.716  INFO 17448 --- [restartedMain] o.s.web.context.ContextLoader            : Root WebApplicationContext: initialization completed in 2105 ms
2020-10-22 15:05:20.714  INFO 17448 --- [restartedMain] o.s.s.concurrent.ThreadPoolTaskExecutor  : Initializing ExecutorService 'applicationTaskExecutor'
2020-10-22 15:05:21.012  INFO 17448 --- [restartedMain] o.s.b.d.a.OptionalLiveReloadServer       : LiveReload server is running on port 35729
2020-10-22 15:05:21.042  INFO 17448 --- [restartedMain] o.a.coyote.http11.Http11NioProtocol      : Starting ProtocolHandler ["http-nio-8090"]
2020-10-22 15:05:21.081  INFO 17448 --- [restartedMain] o.s.b.w.embedded.tomcat.TomcatWebServer  : Tomcat started on port(s): 8090 (http) with context path ''
2020-10-22 15:05:21.084  INFO 17448 --- [restartedMain] .p.j.m.MiddlePlatformServicesApplication : Started MiddlePlatformServicesApplication in 4.023 seconds (JVM running for 4.473)
2020-10-22 15:05:49.505  INFO 17448 --- [http-nio-8090-exec-1] o.a.c.c.C.[Tomcat].[localhost].[/]       : Initializing Spring DispatcherServlet 'dispatcherServlet'
2020-10-22 15:05:49.505  INFO 17448 --- [http-nio-8090-exec-1] o.s.web.servlet.DispatcherServlet        : Initializing Servlet 'dispatcherServlet'
2020-10-22 15:05:49.513  INFO 17448 --- [http-nio-8090-exec-1] o.s.web.servlet.DispatcherServlet        : Completed initialization in 8 ms
2020-10-22 15:30:09.443  INFO 17448 --- [Thread-6] o.s.s.concurrent.ThreadPoolTaskExecutor  : Shutting down ExecutorService 'applicationTaskExecutor'
2020-10-22 15:30:09.783  INFO 17448 --- [restartedMain] .p.j.m.MiddlePlatformServicesApplication : Starting MiddlePlatformServicesApplication on mingshengwang-02 with PID 17448 (D:\workspace\roncoo-pay\roncoo-pay-jackdking-middleplatformservices\target\classes started by mingshengwang in D:\workspace\roncoo-pay\roncoo-pay-jackdking-middleplatformservices)
2020-10-22 15:30:09.783  INFO 17448 --- [restartedMain] .p.j.m.MiddlePlatformServicesApplication : The following profiles are active: dev
2020-10-22 15:30:10.242  INFO 17448 --- [restartedMain] o.s.b.w.embedded.tomcat.TomcatWebServer  : Tomcat initialized with port(s): 8090 (http)
2020-10-22 15:30:10.243  INFO 17448 --- [restartedMain] o.a.coyote.http11.Http11NioProtocol      : Initializing ProtocolHandler ["http-nio-8090"]
2020-10-22 15:30:10.244  INFO 17448 --- [restartedMain] o.apache.catalina.core.StandardService   : Starting service [Tomcat]
2020-10-22 15:30:10.245  INFO 17448 --- [restartedMain] org.apache.catalina.core.StandardEngine  : Starting Servlet engine: [Apache Tomcat/9.0.14]
2020-10-22 15:30:10.364  INFO 17448 --- [restartedMain] org.apache.jasper.servlet.TldScanner     : At least one JAR was scanned for TLDs yet contained no TLDs. Enable debug logging for this logger for a complete list of JARs that were scanned but no TLDs were found in them. Skipping unneeded JARs during scanning can improve startup time and JSP compilation time.
2020-10-22 15:30:10.368  INFO 17448 --- [restartedMain] o.a.c.c.C.[Tomcat].[localhost].[/]       : Initializing Spring embedded WebApplicationContext
2020-10-22 15:30:10.368  INFO 17448 --- [restartedMain] o.s.web.context.ContextLoader            : Root WebApplicationContext: initialization completed in 582 ms
2020-10-22 15:30:10.556  INFO 17448 --- [restartedMain] o.s.s.concurrent.ThreadPoolTaskExecutor  : Initializing ExecutorService 'applicationTaskExecutor'
2020-10-22 15:30:10.655  INFO 17448 --- [restartedMain] o.s.b.d.a.OptionalLiveReloadServer       : LiveReload server is running on port 35729
2020-10-22 15:30:10.671  INFO 17448 --- [restartedMain] o.a.coyote.http11.Http11NioProtocol      : Starting ProtocolHandler ["http-nio-8090"]
2020-10-22 15:30:10.677  INFO 17448 --- [restartedMain] o.s.b.w.embedded.tomcat.TomcatWebServer  : Tomcat started on port(s): 8090 (http) with context path ''
2020-10-22 15:30:10.677  INFO 17448 --- [restartedMain] .p.j.m.MiddlePlatformServicesApplication : Started MiddlePlatformServicesApplication in 0.944 seconds (JVM running for 1494.081)
2020-10-22 15:30:10.679  INFO 17448 --- [restartedMain] .ConditionEvaluationDeltaLoggingListener : Condition evaluation unchanged
