2021-02-01 16:04:49.505  INFO 12384 --- [restartedMain] .p.j.m.MiddlePlatformServicesApplication : Starting MiddlePlatformServicesApplication on mingshengwang-02 with PID 12384 (D:\workspace\roncoo-pay\roncoo-pay-jackdking-middleplatformservices\target\classes started by mingshengwang in D:\workspace\roncoo-pay\roncoo-pay-jackdking-middleplatformservices)
2021-02-01 16:04:49.508  INFO 12384 --- [restartedMain] .p.j.m.MiddlePlatformServicesApplication : The following profiles are active: dev
2021-02-01 16:04:49.578  INFO 12384 --- [restartedMain] .e.DevToolsPropertyDefaultsPostProcessor : Devtools property defaults active! Set 'spring.devtools.add-properties' to 'false' to disable
2021-02-01 16:04:49.578  INFO 12384 --- [restartedMain] .e.DevToolsPropertyDefaultsPostProcessor : For additional web related logging consider setting the 'logging.level.web' property to 'DEBUG'
2021-02-01 16:04:50.364  INFO 12384 --- [restartedMain] .s.d.r.c.RepositoryConfigurationDelegate : Multiple Spring Data modules found, entering strict repository configuration mode!
2021-02-01 16:04:50.368  INFO 12384 --- [restartedMain] .s.d.r.c.RepositoryConfigurationDelegate : Bootstrapping Spring Data repositories in DEFAULT mode.
2021-02-01 16:04:50.402  INFO 12384 --- [restartedMain] .s.d.r.c.RepositoryConfigurationDelegate : Finished Spring Data repository scanning in 16ms. Found 0 repository interfaces.
2021-02-01 16:04:50.804  INFO 12384 --- [restartedMain] trationDelegate$BeanPostProcessorChecker : Bean 'redisConfig' of type [org.roncoo.pay.jackdking.middleplatformservices.modules.wechat.config.RedisConfig$$EnhancerBySpringCGLIB$$230a905] is not eligible for getting processed by all BeanPostProcessors (for example: not eligible for auto-proxying)
2021-02-01 16:04:50.816  INFO 12384 --- [restartedMain] trationDelegate$BeanPostProcessorChecker : Bean 'org.springframework.transaction.annotation.ProxyTransactionManagementConfiguration' of type [org.springframework.transaction.annotation.ProxyTransactionManagementConfiguration$$EnhancerBySpringCGLIB$$ae2940ac] is not eligible for getting processed by all BeanPostProcessors (for example: not eligible for auto-proxying)
2021-02-01 16:04:51.528  INFO 12384 --- [restartedMain] o.s.b.w.embedded.tomcat.TomcatWebServer  : Tomcat initialized with port(s): 8090 (http)
2021-02-01 16:04:51.549  INFO 12384 --- [restartedMain] o.a.coyote.http11.Http11NioProtocol      : Initializing ProtocolHandler ["http-nio-8090"]
2021-02-01 16:04:51.559  INFO 12384 --- [restartedMain] o.apache.catalina.core.StandardService   : Starting service [Tomcat]
2021-02-01 16:04:51.560  INFO 12384 --- [restartedMain] org.apache.catalina.core.StandardEngine  : Starting Servlet engine: [Apache Tomcat/9.0.14]
2021-02-01 16:04:51.572  INFO 12384 --- [restartedMain] o.a.catalina.core.AprLifecycleListener   : The APR based Apache Tomcat Native library which allows optimal performance in production environments was not found on the java.library.path: [C:\softwareEnviroment\jdk\jdk1.8.0_121\bin;C:\windows\Sun\Java\bin;C:\windows\system32;C:\windows;C:/softwareEnviroment/jdk/jdk1.8.0_121/bin/../jre/bin/server;C:/softwareEnviroment/jdk/jdk1.8.0_121/bin/../jre/bin;C:/softwareEnviroment/jdk/jdk1.8.0_121/bin/../jre/lib/amd64;D:\worksoftware\python379\Scripts\;D:\worksoftware\python379\;C:\windows\system32;C:\windows;C:\windows\System32\Wbem;C:\windows\System32\WindowsPowerShell\v1.0\;C:\windows\System32\OpenSSH\;C:\softwareEnviroment\jdk\jdk1.8.0_121\bin;C:\softwareEnviroment\apache-maven-3.6.3\bin;D:\worksoftware\svn\bin;D:\worksoftware\Git\cmd;D:\worksoftware\redis-2.6;D:\worksoftware\nodejs;D:\worksoftware\python379\Scripts;C:\Users\mingshengwang\AppData\Local\Microsoft\WindowsApps;D:\worksoftware\eclipse;;.]
2021-02-01 16:04:51.869  INFO 12384 --- [restartedMain] org.apache.jasper.servlet.TldScanner     : At least one JAR was scanned for TLDs yet contained no TLDs. Enable debug logging for this logger for a complete list of JARs that were scanned but no TLDs were found in them. Skipping unneeded JARs during scanning can improve startup time and JSP compilation time.
2021-02-01 16:04:51.874  INFO 12384 --- [restartedMain] o.a.c.c.C.[Tomcat].[localhost].[/]       : Initializing Spring embedded WebApplicationContext
2021-02-01 16:04:51.874  INFO 12384 --- [restartedMain] o.s.web.context.ContextLoader            : Root WebApplicationContext: initialization completed in 2296 ms
2021-02-01 16:04:53.282  INFO 12384 --- [restartedMain] o.s.s.concurrent.ThreadPoolTaskExecutor  : Initializing ExecutorService 'applicationTaskExecutor'
2021-02-01 16:04:53.376  WARN 12384 --- [restartedMain] ConfigServletWebServerApplicationContext : Exception encountered during context initialization - cancelling refresh attempt: org.springframework.beans.factory.BeanCreationException: Error creating bean with name 'requestMappingHandlerMapping' defined in class path resource [org/springframework/boot/autoconfigure/web/servlet/WebMvcAutoConfiguration$EnableWebMvcConfiguration.class]: Invocation of init method failed; nested exception is java.lang.IllegalStateException: Ambiguous mapping. Cannot map 'wxOfficialAccountLoginController' method 
public java.lang.String org.roncoo.pay.jackdking.middleplatformservices.modules.wechat.controller.WxOfficialAccountLoginController.test()
to { /wx/test}: There is already 'testController' bean method
public java.lang.String org.roncoo.pay.jackdking.middleplatformservices.modules.wechat.controller.TestController.test() mapped.
2021-02-01 16:04:53.376  INFO 12384 --- [restartedMain] o.s.s.concurrent.ThreadPoolTaskExecutor  : Shutting down ExecutorService 'applicationTaskExecutor'
2021-02-01 16:04:53.605  INFO 12384 --- [restartedMain] o.apache.catalina.core.StandardService   : Stopping service [Tomcat]
2021-02-01 16:04:53.626  INFO 12384 --- [restartedMain] ConditionEvaluationReportLoggingListener : 

Error starting ApplicationContext. To display the conditions report re-run your application with 'debug' enabled.
2021-02-01 16:04:53.632 ERROR 12384 --- [restartedMain] o.s.boot.SpringApplication               : Application run failed

org.springframework.beans.factory.BeanCreationException: Error creating bean with name 'requestMappingHandlerMapping' defined in class path resource [org/springframework/boot/autoconfigure/web/servlet/WebMvcAutoConfiguration$EnableWebMvcConfiguration.class]: Invocation of init method failed; nested exception is java.lang.IllegalStateException: Ambiguous mapping. Cannot map 'wxOfficialAccountLoginController' method 
public java.lang.String org.roncoo.pay.jackdking.middleplatformservices.modules.wechat.controller.WxOfficialAccountLoginController.test()
to { /wx/test}: There is already 'testController' bean method
public java.lang.String org.roncoo.pay.jackdking.middleplatformservices.modules.wechat.controller.TestController.test() mapped.
	at org.springframework.beans.factory.support.AbstractAutowireCapableBeanFactory.initializeBean(AbstractAutowireCapableBeanFactory.java:1745)
	at org.springframework.beans.factory.support.AbstractAutowireCapableBeanFactory.doCreateBean(AbstractAutowireCapableBeanFactory.java:576)
	at org.springframework.beans.factory.support.AbstractAutowireCapableBeanFactory.createBean(AbstractAutowireCapableBeanFactory.java:498)
	at org.springframework.beans.factory.support.AbstractBeanFactory.lambda$doGetBean$0(AbstractBeanFactory.java:320)
	at org.springframework.beans.factory.support.DefaultSingletonBeanRegistry.getSingleton(DefaultSingletonBeanRegistry.java:222)
	at org.springframework.beans.factory.support.AbstractBeanFactory.doGetBean(AbstractBeanFactory.java:318)
	at org.springframework.beans.factory.support.AbstractBeanFactory.getBean(AbstractBeanFactory.java:199)
	at org.springframework.beans.factory.support.DefaultListableBeanFactory.preInstantiateSingletons(DefaultListableBeanFactory.java:846)
	at org.springframework.context.support.AbstractApplicationContext.finishBeanFactoryInitialization(AbstractApplicationContext.java:863)
	at org.springframework.context.support.AbstractApplicationContext.refresh(AbstractApplicationContext.java:546)
	at org.springframework.boot.web.servlet.context.ServletWebServerApplicationContext.refresh(ServletWebServerApplicationContext.java:142)
	at org.springframework.boot.SpringApplication.refresh(SpringApplication.java:775)
	at org.springframework.boot.SpringApplication.refreshContext(SpringApplication.java:397)
	at org.springframework.boot.SpringApplication.run(SpringApplication.java:316)
	at org.springframework.boot.SpringApplication.run(SpringApplication.java:1260)
	at org.springframework.boot.SpringApplication.run(SpringApplication.java:1248)
	at org.roncoo.pay.jackdking.middleplatformservices.MiddlePlatformServicesApplication.main(MiddlePlatformServicesApplication.java:17)
	at sun.reflect.NativeMethodAccessorImpl.invoke0(Native Method)
	at sun.reflect.NativeMethodAccessorImpl.invoke(NativeMethodAccessorImpl.java:62)
	at sun.reflect.DelegatingMethodAccessorImpl.invoke(DelegatingMethodAccessorImpl.java:43)
	at java.lang.reflect.Method.invoke(Method.java:498)
	at org.springframework.boot.devtools.restart.RestartLauncher.run(RestartLauncher.java:49)
Caused by: java.lang.IllegalStateException: Ambiguous mapping. Cannot map 'wxOfficialAccountLoginController' method 
public java.lang.String org.roncoo.pay.jackdking.middleplatformservices.modules.wechat.controller.WxOfficialAccountLoginController.test()
to { /wx/test}: There is already 'testController' bean method
public java.lang.String org.roncoo.pay.jackdking.middleplatformservices.modules.wechat.controller.TestController.test() mapped.
	at org.springframework.web.servlet.handler.AbstractHandlerMethodMapping$MappingRegistry.assertUniqueMethodMapping(AbstractHandlerMethodMapping.java:621)
	at org.springframework.web.servlet.handler.AbstractHandlerMethodMapping$MappingRegistry.register(AbstractHandlerMethodMapping.java:589)
	at org.springframework.web.servlet.handler.AbstractHandlerMethodMapping.registerHandlerMethod(AbstractHandlerMethodMapping.java:315)
	at org.springframework.web.servlet.handler.AbstractHandlerMethodMapping.lambda$detectHandlerMethods$1(AbstractHandlerMethodMapping.java:282)
	at java.util.LinkedHashMap.forEach(LinkedHashMap.java:684)
	at org.springframework.web.servlet.handler.AbstractHandlerMethodMapping.detectHandlerMethods(AbstractHandlerMethodMapping.java:280)
	at org.springframework.web.servlet.handler.AbstractHandlerMethodMapping.processCandidateBean(AbstractHandlerMethodMapping.java:252)
	at org.springframework.web.servlet.handler.AbstractHandlerMethodMapping.initHandlerMethods(AbstractHandlerMethodMapping.java:211)
	at org.springframework.web.servlet.handler.AbstractHandlerMethodMapping.afterPropertiesSet(AbstractHandlerMethodMapping.java:199)
	at org.springframework.web.servlet.mvc.method.annotation.RequestMappingHandlerMapping.afterPropertiesSet(RequestMappingHandlerMapping.java:164)
	at org.springframework.beans.factory.support.AbstractAutowireCapableBeanFactory.invokeInitMethods(AbstractAutowireCapableBeanFactory.java:1804)
	at org.springframework.beans.factory.support.AbstractAutowireCapableBeanFactory.initializeBean(AbstractAutowireCapableBeanFactory.java:1741)
	... 21 common frames omitted

