2020-11-04 11:45:25.131  INFO 8212 --- [restartedMain] .p.j.m.MiddlePlatformServicesApplication : Starting MiddlePlatformServicesApplication on mingshengwang-02 with PID 8212 (D:\workspace\roncoo-pay\roncoo-pay-jackdking-middleplatformservices\target\classes started by mingshengwang in D:\workspace\roncoo-pay\roncoo-pay-jackdking-middleplatformservices)
2020-11-04 11:45:25.134  INFO 8212 --- [restartedMain] .p.j.m.MiddlePlatformServicesApplication : The following profiles are active: dev
2020-11-04 11:45:25.191  INFO 8212 --- [restartedMain] .e.DevToolsPropertyDefaultsPostProcessor : Devtools property defaults active! Set 'spring.devtools.add-properties' to 'false' to disable
2020-11-04 11:45:25.191  INFO 8212 --- [restartedMain] .e.DevToolsPropertyDefaultsPostProcessor : For additional web related logging consider setting the 'logging.level.web' property to 'DEBUG'
2020-11-04 11:45:26.033  INFO 8212 --- [restartedMain] .s.d.r.c.RepositoryConfigurationDelegate : Multiple Spring Data modules found, entering strict repository configuration mode!
2020-11-04 11:45:26.037  INFO 8212 --- [restartedMain] .s.d.r.c.RepositoryConfigurationDelegate : Bootstrapping Spring Data repositories in DEFAULT mode.
2020-11-04 11:45:26.070  INFO 8212 --- [restartedMain] .s.d.r.c.RepositoryConfigurationDelegate : Finished Spring Data repository scanning in 13ms. Found 0 repository interfaces.
2020-11-04 11:45:26.465  INFO 8212 --- [restartedMain] trationDelegate$BeanPostProcessorChecker : Bean 'redisConfig' of type [org.roncoo.pay.jackdking.middleplatformservices.modules.wechat.config.RedisConfig$$EnhancerBySpringCGLIB$$5a5cc393] is not eligible for getting processed by all BeanPostProcessors (for example: not eligible for auto-proxying)
2020-11-04 11:45:26.475  INFO 8212 --- [restartedMain] trationDelegate$BeanPostProcessorChecker : Bean 'org.springframework.transaction.annotation.ProxyTransactionManagementConfiguration' of type [org.springframework.transaction.annotation.ProxyTransactionManagementConfiguration$$EnhancerBySpringCGLIB$$6555b3a] is not eligible for getting processed by all BeanPostProcessors (for example: not eligible for auto-proxying)
2020-11-04 11:45:27.176  INFO 8212 --- [restartedMain] o.s.b.w.embedded.tomcat.TomcatWebServer  : Tomcat initialized with port(s): 8090 (http)
2020-11-04 11:45:27.192  INFO 8212 --- [restartedMain] o.a.coyote.http11.Http11NioProtocol      : Initializing ProtocolHandler ["http-nio-8090"]
2020-11-04 11:45:27.202  INFO 8212 --- [restartedMain] o.apache.catalina.core.StandardService   : Starting service [Tomcat]
2020-11-04 11:45:27.202  INFO 8212 --- [restartedMain] org.apache.catalina.core.StandardEngine  : Starting Servlet engine: [Apache Tomcat/9.0.14]
2020-11-04 11:45:27.214  INFO 8212 --- [restartedMain] o.a.catalina.core.AprLifecycleListener   : The APR based Apache Tomcat Native library which allows optimal performance in production environments was not found on the java.library.path: [C:\softwareEnviroment\jdk\jdk1.8.0_121\bin;C:\windows\Sun\Java\bin;C:\windows\system32;C:\windows;C:/softwareEnviroment/jdk/jdk1.8.0_121/bin/../jre/bin/server;C:/softwareEnviroment/jdk/jdk1.8.0_121/bin/../jre/bin;C:/softwareEnviroment/jdk/jdk1.8.0_121/bin/../jre/lib/amd64;D:\worksoftware\python379\Scripts\;D:\worksoftware\python379\;C:\windows\system32;C:\windows;C:\windows\System32\Wbem;C:\windows\System32\WindowsPowerShell\v1.0\;C:\windows\System32\OpenSSH\;C:\softwareEnviroment\jdk\jdk1.8.0_121\bin;C:\softwareEnviroment\apache-maven-3.6.3\bin;D:\worksoftware\svn\bin;D:\worksoftware\Git\cmd;D:\worksoftware\redis-2.6;D:\worksoftware\nodejs;D:\worksoftware\python379\Scripts;C:\Users\mingshengwang\AppData\Local\Microsoft\WindowsApps;D:\worksoftware\eclipse;;.]
2020-11-04 11:45:27.480  INFO 8212 --- [restartedMain] org.apache.jasper.servlet.TldScanner     : At least one JAR was scanned for TLDs yet contained no TLDs. Enable debug logging for this logger for a complete list of JARs that were scanned but no TLDs were found in them. Skipping unneeded JARs during scanning can improve startup time and JSP compilation time.
2020-11-04 11:45:27.485  INFO 8212 --- [restartedMain] o.a.c.c.C.[Tomcat].[localhost].[/]       : Initializing Spring embedded WebApplicationContext
2020-11-04 11:45:27.486  INFO 8212 --- [restartedMain] o.s.web.context.ContextLoader            : Root WebApplicationContext: initialization completed in 2295 ms
2020-11-04 11:45:28.948  INFO 8212 --- [restartedMain] o.s.s.concurrent.ThreadPoolTaskExecutor  : Initializing ExecutorService 'applicationTaskExecutor'
2020-11-04 11:45:29.428  INFO 8212 --- [restartedMain] o.s.b.d.a.OptionalLiveReloadServer       : LiveReload server is running on port 35729
2020-11-04 11:45:29.467  INFO 8212 --- [restartedMain] o.a.coyote.http11.Http11NioProtocol      : Starting ProtocolHandler ["http-nio-8090"]
2020-11-04 11:45:29.508  INFO 8212 --- [restartedMain] o.s.b.w.embedded.tomcat.TomcatWebServer  : Tomcat started on port(s): 8090 (http) with context path ''
2020-11-04 11:45:29.510  INFO 8212 --- [restartedMain] .p.j.m.MiddlePlatformServicesApplication : Started MiddlePlatformServicesApplication in 4.822 seconds (JVM running for 5.269)
2020-11-04 15:02:29.785  INFO 9376 --- [main] Test                                     : Starting Test on mingshengwang-02 with PID 9376 (started by mingshengwang in D:\workspace\roncoo-pay\roncoo-pay-jackdking-middleplatformservices)
2020-11-04 15:02:29.792  INFO 9376 --- [main] Test                                     : The following profiles are active: dev
2020-11-04 15:02:30.558  INFO 9376 --- [main] .s.d.r.c.RepositoryConfigurationDelegate : Multiple Spring Data modules found, entering strict repository configuration mode!
2020-11-04 15:02:30.562  INFO 9376 --- [main] .s.d.r.c.RepositoryConfigurationDelegate : Bootstrapping Spring Data repositories in DEFAULT mode.
2020-11-04 15:02:30.599  INFO 9376 --- [main] .s.d.r.c.RepositoryConfigurationDelegate : Finished Spring Data repository scanning in 17ms. Found 0 repository interfaces.
2020-11-04 15:02:31.050  INFO 9376 --- [main] trationDelegate$BeanPostProcessorChecker : Bean 'redisConfig' of type [org.roncoo.pay.jackdking.middleplatformservices.modules.wechat.config.RedisConfig$$EnhancerBySpringCGLIB$$436766d2] is not eligible for getting processed by all BeanPostProcessors (for example: not eligible for auto-proxying)
2020-11-04 15:02:31.059  INFO 9376 --- [main] trationDelegate$BeanPostProcessorChecker : Bean 'org.springframework.transaction.annotation.ProxyTransactionManagementConfiguration' of type [org.springframework.transaction.annotation.ProxyTransactionManagementConfiguration$$EnhancerBySpringCGLIB$$ef5ffe79] is not eligible for getting processed by all BeanPostProcessors (for example: not eligible for auto-proxying)
2020-11-04 15:02:33.188  INFO 9376 --- [main] o.s.s.concurrent.ThreadPoolTaskExecutor  : Initializing ExecutorService 'applicationTaskExecutor'
2020-11-04 15:02:33.829  INFO 9376 --- [main] Test                                     : Started Test in 4.437 seconds (JVM running for 5.115)
2020-11-04 15:04:58.697  INFO 5436 --- [main] Test                                     : Starting Test on mingshengwang-02 with PID 5436 (started by mingshengwang in D:\workspace\roncoo-pay\roncoo-pay-jackdking-middleplatformservices)
2020-11-04 15:04:58.699  INFO 5436 --- [main] Test                                     : The following profiles are active: dev
2020-11-04 15:04:59.441  INFO 5436 --- [main] .s.d.r.c.RepositoryConfigurationDelegate : Multiple Spring Data modules found, entering strict repository configuration mode!
2020-11-04 15:04:59.444  INFO 5436 --- [main] .s.d.r.c.RepositoryConfigurationDelegate : Bootstrapping Spring Data repositories in DEFAULT mode.
2020-11-04 15:04:59.472  INFO 5436 --- [main] .s.d.r.c.RepositoryConfigurationDelegate : Finished Spring Data repository scanning in 13ms. Found 0 repository interfaces.
2020-11-04 15:04:59.984  INFO 5436 --- [main] trationDelegate$BeanPostProcessorChecker : Bean 'redisConfig' of type [org.roncoo.pay.jackdking.middleplatformservices.modules.wechat.config.RedisConfig$$EnhancerBySpringCGLIB$$4b05fc34] is not eligible for getting processed by all BeanPostProcessors (for example: not eligible for auto-proxying)
2020-11-04 15:04:59.993  INFO 5436 --- [main] trationDelegate$BeanPostProcessorChecker : Bean 'org.springframework.transaction.annotation.ProxyTransactionManagementConfiguration' of type [org.springframework.transaction.annotation.ProxyTransactionManagementConfiguration$$EnhancerBySpringCGLIB$$f6fe93db] is not eligible for getting processed by all BeanPostProcessors (for example: not eligible for auto-proxying)
2020-11-04 15:05:02.186  INFO 5436 --- [main] o.s.s.concurrent.ThreadPoolTaskExecutor  : Initializing ExecutorService 'applicationTaskExecutor'
2020-11-04 15:05:02.847  INFO 5436 --- [main] Test                                     : Started Test in 4.531 seconds (JVM running for 5.301)
2020-11-04 15:06:04.083  INFO 14376 --- [main] Test                                     : Starting Test on mingshengwang-02 with PID 14376 (started by mingshengwang in D:\workspace\roncoo-pay\roncoo-pay-jackdking-middleplatformservices)
2020-11-04 15:06:04.084  INFO 14376 --- [main] Test                                     : The following profiles are active: dev
2020-11-04 15:06:04.826  INFO 14376 --- [main] .s.d.r.c.RepositoryConfigurationDelegate : Multiple Spring Data modules found, entering strict repository configuration mode!
2020-11-04 15:06:04.829  INFO 14376 --- [main] .s.d.r.c.RepositoryConfigurationDelegate : Bootstrapping Spring Data repositories in DEFAULT mode.
2020-11-04 15:06:04.864  INFO 14376 --- [main] .s.d.r.c.RepositoryConfigurationDelegate : Finished Spring Data repository scanning in 15ms. Found 0 repository interfaces.
2020-11-04 15:06:05.305  INFO 14376 --- [main] trationDelegate$BeanPostProcessorChecker : Bean 'redisConfig' of type [org.roncoo.pay.jackdking.middleplatformservices.modules.wechat.config.RedisConfig$$EnhancerBySpringCGLIB$$9ad2d7be] is not eligible for getting processed by all BeanPostProcessors (for example: not eligible for auto-proxying)
2020-11-04 15:06:05.313  INFO 14376 --- [main] trationDelegate$BeanPostProcessorChecker : Bean 'org.springframework.transaction.annotation.ProxyTransactionManagementConfiguration' of type [org.springframework.transaction.annotation.ProxyTransactionManagementConfiguration$$EnhancerBySpringCGLIB$$46cb6f65] is not eligible for getting processed by all BeanPostProcessors (for example: not eligible for auto-proxying)
2020-11-04 15:06:07.459  INFO 14376 --- [main] o.s.s.concurrent.ThreadPoolTaskExecutor  : Initializing ExecutorService 'applicationTaskExecutor'
2020-11-04 15:06:08.120  INFO 14376 --- [main] Test                                     : Started Test in 4.42 seconds (JVM running for 5.108)
2020-11-04 15:09:49.515  INFO 1632 --- [main] Test                                     : Starting Test on mingshengwang-02 with PID 1632 (started by mingshengwang in D:\workspace\roncoo-pay\roncoo-pay-jackdking-middleplatformservices)
2020-11-04 15:09:49.516  INFO 1632 --- [main] Test                                     : The following profiles are active: dev
2020-11-04 15:09:50.326  INFO 1632 --- [main] .s.d.r.c.RepositoryConfigurationDelegate : Multiple Spring Data modules found, entering strict repository configuration mode!
2020-11-04 15:09:50.329  INFO 1632 --- [main] .s.d.r.c.RepositoryConfigurationDelegate : Bootstrapping Spring Data repositories in DEFAULT mode.
2020-11-04 15:09:50.358  INFO 1632 --- [main] .s.d.r.c.RepositoryConfigurationDelegate : Finished Spring Data repository scanning in 13ms. Found 0 repository interfaces.
2020-11-04 15:09:50.802  INFO 1632 --- [main] trationDelegate$BeanPostProcessorChecker : Bean 'redisConfig' of type [org.roncoo.pay.jackdking.middleplatformservices.modules.wechat.config.RedisConfig$$EnhancerBySpringCGLIB$$4547b9bf] is not eligible for getting processed by all BeanPostProcessors (for example: not eligible for auto-proxying)
2020-11-04 15:09:50.809  INFO 1632 --- [main] trationDelegate$BeanPostProcessorChecker : Bean 'org.springframework.transaction.annotation.ProxyTransactionManagementConfiguration' of type [org.springframework.transaction.annotation.ProxyTransactionManagementConfiguration$$EnhancerBySpringCGLIB$$f1405166] is not eligible for getting processed by all BeanPostProcessors (for example: not eligible for auto-proxying)
2020-11-04 15:09:53.036  INFO 1632 --- [main] o.s.s.concurrent.ThreadPoolTaskExecutor  : Initializing ExecutorService 'applicationTaskExecutor'
2020-11-04 15:09:53.707  INFO 1632 --- [main] Test                                     : Started Test in 4.641 seconds (JVM running for 5.401)
