2020-11-16 11:09:18.292  INFO 7828 --- [restartedMain] .p.j.m.MiddlePlatformServicesApplication : Starting MiddlePlatformServicesApplication on mingshengwang-02 with PID 7828 (D:\workspace\roncoo-pay\roncoo-pay-jackdking-middleplatformservices\target\classes started by mingshengwang in D:\workspace\roncoo-pay\roncoo-pay-jackdking-middleplatformservices)
2020-11-16 11:09:18.294  INFO 7828 --- [restartedMain] .p.j.m.MiddlePlatformServicesApplication : The following profiles are active: dev
2020-11-16 11:09:18.373  INFO 7828 --- [restartedMain] .e.DevToolsPropertyDefaultsPostProcessor : Devtools property defaults active! Set 'spring.devtools.add-properties' to 'false' to disable
2020-11-16 11:09:18.373  INFO 7828 --- [restartedMain] .e.DevToolsPropertyDefaultsPostProcessor : For additional web related logging consider setting the 'logging.level.web' property to 'DEBUG'
2020-11-16 11:09:19.325  INFO 7828 --- [restartedMain] .s.d.r.c.RepositoryConfigurationDelegate : Multiple Spring Data modules found, entering strict repository configuration mode!
2020-11-16 11:09:19.328  INFO 7828 --- [restartedMain] .s.d.r.c.RepositoryConfigurationDelegate : Bootstrapping Spring Data repositories in DEFAULT mode.
2020-11-16 11:09:19.363  INFO 7828 --- [restartedMain] .s.d.r.c.RepositoryConfigurationDelegate : Finished Spring Data repository scanning in 15ms. Found 0 repository interfaces.
2020-11-16 11:09:19.789  INFO 7828 --- [restartedMain] trationDelegate$BeanPostProcessorChecker : Bean 'redisConfig' of type [org.roncoo.pay.jackdking.middleplatformservices.modules.wechat.config.RedisConfig$$EnhancerBySpringCGLIB$$a0777e1c] is not eligible for getting processed by all BeanPostProcessors (for example: not eligible for auto-proxying)
2020-11-16 11:09:19.795  INFO 7828 --- [restartedMain] trationDelegate$BeanPostProcessorChecker : Bean 'org.springframework.transaction.annotation.ProxyTransactionManagementConfiguration' of type [org.springframework.transaction.annotation.ProxyTransactionManagementConfiguration$$EnhancerBySpringCGLIB$$4c7015c3] is not eligible for getting processed by all BeanPostProcessors (for example: not eligible for auto-proxying)
2020-11-16 11:09:20.557  INFO 7828 --- [restartedMain] o.s.b.w.embedded.tomcat.TomcatWebServer  : Tomcat initialized with port(s): 8090 (http)
2020-11-16 11:09:20.579  INFO 7828 --- [restartedMain] o.a.coyote.http11.Http11NioProtocol      : Initializing ProtocolHandler ["http-nio-8090"]
2020-11-16 11:09:20.591  INFO 7828 --- [restartedMain] o.apache.catalina.core.StandardService   : Starting service [Tomcat]
2020-11-16 11:09:20.592  INFO 7828 --- [restartedMain] org.apache.catalina.core.StandardEngine  : Starting Servlet engine: [Apache Tomcat/9.0.14]
2020-11-16 11:09:20.605  INFO 7828 --- [restartedMain] o.a.catalina.core.AprLifecycleListener   : The APR based Apache Tomcat Native library which allows optimal performance in production environments was not found on the java.library.path: [C:\softwareEnviroment\jdk\jdk1.8.0_121\bin;C:\windows\Sun\Java\bin;C:\windows\system32;C:\windows;C:/softwareEnviroment/jdk/jdk1.8.0_121/bin/../jre/bin/server;C:/softwareEnviroment/jdk/jdk1.8.0_121/bin/../jre/bin;C:/softwareEnviroment/jdk/jdk1.8.0_121/bin/../jre/lib/amd64;D:\worksoftware\python379\Scripts\;D:\worksoftware\python379\;C:\windows\system32;C:\windows;C:\windows\System32\Wbem;C:\windows\System32\WindowsPowerShell\v1.0\;C:\windows\System32\OpenSSH\;C:\softwareEnviroment\jdk\jdk1.8.0_121\bin;C:\softwareEnviroment\apache-maven-3.6.3\bin;D:\worksoftware\svn\bin;D:\worksoftware\Git\cmd;D:\worksoftware\redis-2.6;D:\worksoftware\nodejs;D:\worksoftware\python379\Scripts;C:\Users\mingshengwang\AppData\Local\Microsoft\WindowsApps;D:\worksoftware\eclipse;;.]
2020-11-16 11:09:21.026  INFO 7828 --- [restartedMain] org.apache.jasper.servlet.TldScanner     : At least one JAR was scanned for TLDs yet contained no TLDs. Enable debug logging for this logger for a complete list of JARs that were scanned but no TLDs were found in them. Skipping unneeded JARs during scanning can improve startup time and JSP compilation time.
2020-11-16 11:09:21.032  INFO 7828 --- [restartedMain] o.a.c.c.C.[Tomcat].[localhost].[/]       : Initializing Spring embedded WebApplicationContext
2020-11-16 11:09:21.032  INFO 7828 --- [restartedMain] o.s.web.context.ContextLoader            : Root WebApplicationContext: initialization completed in 2659 ms
2020-11-16 11:09:22.603  INFO 7828 --- [restartedMain] o.s.s.concurrent.ThreadPoolTaskExecutor  : Initializing ExecutorService 'applicationTaskExecutor'
2020-11-16 11:09:23.055  INFO 7828 --- [restartedMain] o.s.b.d.a.OptionalLiveReloadServer       : LiveReload server is running on port 35729
2020-11-16 11:09:23.089  INFO 7828 --- [restartedMain] o.a.coyote.http11.Http11NioProtocol      : Starting ProtocolHandler ["http-nio-8090"]
2020-11-16 11:09:23.136  INFO 7828 --- [restartedMain] o.s.b.w.embedded.tomcat.TomcatWebServer  : Tomcat started on port(s): 8090 (http) with context path ''
2020-11-16 11:09:23.139  INFO 7828 --- [restartedMain] .p.j.m.MiddlePlatformServicesApplication : Started MiddlePlatformServicesApplication in 5.383 seconds (JVM running for 6.039)
2020-11-16 11:11:42.881  INFO 7828 --- [http-nio-8090-exec-1] o.a.c.c.C.[Tomcat].[localhost].[/]       : Initializing Spring DispatcherServlet 'dispatcherServlet'
2020-11-16 11:11:42.881  INFO 7828 --- [http-nio-8090-exec-1] o.s.web.servlet.DispatcherServlet        : Initializing Servlet 'dispatcherServlet'
2020-11-16 11:11:42.893  INFO 7828 --- [http-nio-8090-exec-1] o.s.web.servlet.DispatcherServlet        : Completed initialization in 12 ms
2020-11-16 11:11:42.940 ERROR 7828 --- [http-nio-8090-exec-1] o.a.c.c.C.[.[.[/].[dispatcherServlet]    : Servlet.service() for servlet [dispatcherServlet] in context with path [] threw exception [Request processing failed; nested exception is java.lang.NullPointerException] with root cause

java.lang.NullPointerException: null
	at me.chanjar.weixin.mp.enums.WxMpApiUrl$Qrcode.getUrl(WxMpApiUrl.java:232)
	at me.chanjar.weixin.mp.api.impl.BaseWxMpServiceImpl.post(BaseWxMpServiceImpl.java:280)
	at me.chanjar.weixin.mp.api.impl.WxMpQrcodeServiceImpl.getQrCodeTicket(WxMpQrcodeServiceImpl.java:80)
	at me.chanjar.weixin.mp.api.impl.WxMpQrcodeServiceImpl.qrCodeCreateLastTicket(WxMpQrcodeServiceImpl.java:92)
	at org.roncoo.pay.jackdking.middleplatformservices.modules.wechat.controller.CheckInfoController.test(CheckInfoController.java:66)
	at sun.reflect.NativeMethodAccessorImpl.invoke0(Native Method)
	at sun.reflect.NativeMethodAccessorImpl.invoke(NativeMethodAccessorImpl.java:62)
	at sun.reflect.DelegatingMethodAccessorImpl.invoke(DelegatingMethodAccessorImpl.java:43)
	at java.lang.reflect.Method.invoke(Method.java:498)
	at org.springframework.web.method.support.InvocableHandlerMethod.doInvoke(InvocableHandlerMethod.java:189)
	at org.springframework.web.method.support.InvocableHandlerMethod.invokeForRequest(InvocableHandlerMethod.java:138)
	at org.springframework.web.servlet.mvc.method.annotation.ServletInvocableHandlerMethod.invokeAndHandle(ServletInvocableHandlerMethod.java:102)
	at org.springframework.web.servlet.mvc.method.annotation.RequestMappingHandlerAdapter.invokeHandlerMethod(RequestMappingHandlerAdapter.java:895)
	at org.springframework.web.servlet.mvc.method.annotation.RequestMappingHandlerAdapter.handleInternal(RequestMappingHandlerAdapter.java:800)
	at org.springframework.web.servlet.mvc.method.AbstractHandlerMethodAdapter.handle(AbstractHandlerMethodAdapter.java:87)
	at org.springframework.web.servlet.DispatcherServlet.doDispatch(DispatcherServlet.java:1038)
	at org.springframework.web.servlet.DispatcherServlet.doService(DispatcherServlet.java:942)
	at org.springframework.web.servlet.FrameworkServlet.processRequest(FrameworkServlet.java:1005)
	at org.springframework.web.servlet.FrameworkServlet.doGet(FrameworkServlet.java:897)
	at javax.servlet.http.HttpServlet.service(HttpServlet.java:634)
	at org.springframework.web.servlet.FrameworkServlet.service(FrameworkServlet.java:882)
	at javax.servlet.http.HttpServlet.service(HttpServlet.java:741)
	at org.apache.catalina.core.ApplicationFilterChain.internalDoFilter(ApplicationFilterChain.java:231)
	at org.apache.catalina.core.ApplicationFilterChain.doFilter(ApplicationFilterChain.java:166)
	at org.apache.tomcat.websocket.server.WsFilter.doFilter(WsFilter.java:53)
	at org.apache.catalina.core.ApplicationFilterChain.internalDoFilter(ApplicationFilterChain.java:193)
	at org.apache.catalina.core.ApplicationFilterChain.doFilter(ApplicationFilterChain.java:166)
	at org.springframework.web.filter.RequestContextFilter.doFilterInternal(RequestContextFilter.java:99)
	at org.springframework.web.filter.OncePerRequestFilter.doFilter(OncePerRequestFilter.java:107)
	at org.apache.catalina.core.ApplicationFilterChain.internalDoFilter(ApplicationFilterChain.java:193)
	at org.apache.catalina.core.ApplicationFilterChain.doFilter(ApplicationFilterChain.java:166)
	at org.springframework.web.filter.FormContentFilter.doFilterInternal(FormContentFilter.java:92)
	at org.springframework.web.filter.OncePerRequestFilter.doFilter(OncePerRequestFilter.java:107)
	at org.apache.catalina.core.ApplicationFilterChain.internalDoFilter(ApplicationFilterChain.java:193)
	at org.apache.catalina.core.ApplicationFilterChain.doFilter(ApplicationFilterChain.java:166)
	at org.springframework.web.filter.HiddenHttpMethodFilter.doFilterInternal(HiddenHttpMethodFilter.java:93)
	at org.springframework.web.filter.OncePerRequestFilter.doFilter(OncePerRequestFilter.java:107)
	at org.apache.catalina.core.ApplicationFilterChain.internalDoFilter(ApplicationFilterChain.java:193)
	at org.apache.catalina.core.ApplicationFilterChain.doFilter(ApplicationFilterChain.java:166)
	at org.springframework.web.filter.CharacterEncodingFilter.doFilterInternal(CharacterEncodingFilter.java:200)
	at org.springframework.web.filter.OncePerRequestFilter.doFilter(OncePerRequestFilter.java:107)
	at org.apache.catalina.core.ApplicationFilterChain.internalDoFilter(ApplicationFilterChain.java:193)
	at org.apache.catalina.core.ApplicationFilterChain.doFilter(ApplicationFilterChain.java:166)
	at org.apache.catalina.core.StandardWrapperValve.invoke(StandardWrapperValve.java:199)
	at org.apache.catalina.core.StandardContextValve.invoke(StandardContextValve.java:96)
	at org.apache.catalina.authenticator.AuthenticatorBase.invoke(AuthenticatorBase.java:490)
	at org.apache.catalina.core.StandardHostValve.invoke(StandardHostValve.java:139)
	at org.apache.catalina.valves.ErrorReportValve.invoke(ErrorReportValve.java:92)
	at org.apache.catalina.core.StandardEngineValve.invoke(StandardEngineValve.java:74)
	at org.apache.catalina.connector.CoyoteAdapter.service(CoyoteAdapter.java:343)
	at org.apache.coyote.http11.Http11Processor.service(Http11Processor.java:408)
	at org.apache.coyote.AbstractProcessorLight.process(AbstractProcessorLight.java:66)
	at org.apache.coyote.AbstractProtocol$ConnectionHandler.process(AbstractProtocol.java:834)
	at org.apache.tomcat.util.net.NioEndpoint$SocketProcessor.doRun(NioEndpoint.java:1417)
	at org.apache.tomcat.util.net.SocketProcessorBase.run(SocketProcessorBase.java:49)
	at java.util.concurrent.ThreadPoolExecutor.runWorker(ThreadPoolExecutor.java:1142)
	at java.util.concurrent.ThreadPoolExecutor$Worker.run(ThreadPoolExecutor.java:617)
	at org.apache.tomcat.util.threads.TaskThread$WrappingRunnable.run(TaskThread.java:61)
	at java.lang.Thread.run(Thread.java:745)

2020-11-16 11:27:18.000  INFO 7828 --- [Thread-6] o.s.s.concurrent.ThreadPoolTaskExecutor  : Shutting down ExecutorService 'applicationTaskExecutor'
2020-11-16 11:27:18.426  INFO 7828 --- [restartedMain] .p.j.m.MiddlePlatformServicesApplication : Starting MiddlePlatformServicesApplication on mingshengwang-02 with PID 7828 (D:\workspace\roncoo-pay\roncoo-pay-jackdking-middleplatformservices\target\classes started by mingshengwang in D:\workspace\roncoo-pay\roncoo-pay-jackdking-middleplatformservices)
2020-11-16 11:27:18.427  INFO 7828 --- [restartedMain] .p.j.m.MiddlePlatformServicesApplication : The following profiles are active: dev
2020-11-16 11:27:18.702  INFO 7828 --- [restartedMain] .s.d.r.c.RepositoryConfigurationDelegate : Multiple Spring Data modules found, entering strict repository configuration mode!
2020-11-16 11:27:18.702  INFO 7828 --- [restartedMain] .s.d.r.c.RepositoryConfigurationDelegate : Bootstrapping Spring Data repositories in DEFAULT mode.
2020-11-16 11:27:18.712  INFO 7828 --- [restartedMain] .s.d.r.c.RepositoryConfigurationDelegate : Finished Spring Data repository scanning in 10ms. Found 0 repository interfaces.
2020-11-16 11:27:18.792  INFO 7828 --- [restartedMain] trationDelegate$BeanPostProcessorChecker : Bean 'redisConfig' of type [org.roncoo.pay.jackdking.middleplatformservices.modules.wechat.config.RedisConfig$$EnhancerBySpringCGLIB$$a0777e1c] is not eligible for getting processed by all BeanPostProcessors (for example: not eligible for auto-proxying)
2020-11-16 11:27:18.794  INFO 7828 --- [restartedMain] trationDelegate$BeanPostProcessorChecker : Bean 'org.springframework.transaction.annotation.ProxyTransactionManagementConfiguration' of type [org.springframework.transaction.annotation.ProxyTransactionManagementConfiguration$$EnhancerBySpringCGLIB$$4c7015c3] is not eligible for getting processed by all BeanPostProcessors (for example: not eligible for auto-proxying)
2020-11-16 11:27:18.890  INFO 7828 --- [restartedMain] o.s.b.w.embedded.tomcat.TomcatWebServer  : Tomcat initialized with port(s): 8090 (http)
2020-11-16 11:27:18.891  INFO 7828 --- [restartedMain] o.a.coyote.http11.Http11NioProtocol      : Initializing ProtocolHandler ["http-nio-8090"]
2020-11-16 11:27:18.891  INFO 7828 --- [restartedMain] o.apache.catalina.core.StandardService   : Starting service [Tomcat]
2020-11-16 11:27:18.892  INFO 7828 --- [restartedMain] org.apache.catalina.core.StandardEngine  : Starting Servlet engine: [Apache Tomcat/9.0.14]
2020-11-16 11:27:19.046  INFO 7828 --- [restartedMain] org.apache.jasper.servlet.TldScanner     : At least one JAR was scanned for TLDs yet contained no TLDs. Enable debug logging for this logger for a complete list of JARs that were scanned but no TLDs were found in them. Skipping unneeded JARs during scanning can improve startup time and JSP compilation time.
2020-11-16 11:27:19.049  INFO 7828 --- [restartedMain] o.a.c.c.C.[Tomcat].[localhost].[/]       : Initializing Spring embedded WebApplicationContext
2020-11-16 11:27:19.049  INFO 7828 --- [restartedMain] o.s.web.context.ContextLoader            : Root WebApplicationContext: initialization completed in 620 ms
2020-11-16 11:27:19.225  INFO 7828 --- [restartedMain] o.s.s.concurrent.ThreadPoolTaskExecutor  : Initializing ExecutorService 'applicationTaskExecutor'
2020-11-16 11:27:19.327  INFO 7828 --- [restartedMain] o.s.b.d.a.OptionalLiveReloadServer       : LiveReload server is running on port 35729
2020-11-16 11:27:19.339  INFO 7828 --- [restartedMain] o.a.coyote.http11.Http11NioProtocol      : Starting ProtocolHandler ["http-nio-8090"]
2020-11-16 11:27:19.345  INFO 7828 --- [restartedMain] o.s.b.w.embedded.tomcat.TomcatWebServer  : Tomcat started on port(s): 8090 (http) with context path ''
2020-11-16 11:27:19.345  INFO 7828 --- [restartedMain] .p.j.m.MiddlePlatformServicesApplication : Started MiddlePlatformServicesApplication in 0.957 seconds (JVM running for 1082.253)
2020-11-16 11:27:36.934  INFO 7828 --- [Thread-10] o.s.s.concurrent.ThreadPoolTaskExecutor  : Shutting down ExecutorService 'applicationTaskExecutor'
2020-11-16 11:27:37.482  INFO 7828 --- [restartedMain] .p.j.m.MiddlePlatformServicesApplication : Starting MiddlePlatformServicesApplication on mingshengwang-02 with PID 7828 (D:\workspace\roncoo-pay\roncoo-pay-jackdking-middleplatformservices\target\classes started by mingshengwang in D:\workspace\roncoo-pay\roncoo-pay-jackdking-middleplatformservices)
2020-11-16 11:27:37.482  INFO 7828 --- [restartedMain] .p.j.m.MiddlePlatformServicesApplication : The following profiles are active: dev
2020-11-16 11:27:37.692  INFO 7828 --- [restartedMain] .s.d.r.c.RepositoryConfigurationDelegate : Multiple Spring Data modules found, entering strict repository configuration mode!
2020-11-16 11:27:37.692  INFO 7828 --- [restartedMain] .s.d.r.c.RepositoryConfigurationDelegate : Bootstrapping Spring Data repositories in DEFAULT mode.
2020-11-16 11:27:37.699  INFO 7828 --- [restartedMain] .s.d.r.c.RepositoryConfigurationDelegate : Finished Spring Data repository scanning in 7ms. Found 0 repository interfaces.
2020-11-16 11:27:37.747  INFO 7828 --- [restartedMain] trationDelegate$BeanPostProcessorChecker : Bean 'redisConfig' of type [org.roncoo.pay.jackdking.middleplatformservices.modules.wechat.config.RedisConfig$$EnhancerBySpringCGLIB$$a0777e1c] is not eligible for getting processed by all BeanPostProcessors (for example: not eligible for auto-proxying)
2020-11-16 11:27:37.748  INFO 7828 --- [restartedMain] trationDelegate$BeanPostProcessorChecker : Bean 'org.springframework.transaction.annotation.ProxyTransactionManagementConfiguration' of type [org.springframework.transaction.annotation.ProxyTransactionManagementConfiguration$$EnhancerBySpringCGLIB$$4c7015c3] is not eligible for getting processed by all BeanPostProcessors (for example: not eligible for auto-proxying)
2020-11-16 11:27:37.850  INFO 7828 --- [restartedMain] o.s.b.w.embedded.tomcat.TomcatWebServer  : Tomcat initialized with port(s): 8090 (http)
2020-11-16 11:27:37.851  INFO 7828 --- [restartedMain] o.a.coyote.http11.Http11NioProtocol      : Initializing ProtocolHandler ["http-nio-8090"]
2020-11-16 11:27:37.851  INFO 7828 --- [restartedMain] o.apache.catalina.core.StandardService   : Starting service [Tomcat]
2020-11-16 11:27:37.852  INFO 7828 --- [restartedMain] org.apache.catalina.core.StandardEngine  : Starting Servlet engine: [Apache Tomcat/9.0.14]
2020-11-16 11:27:37.976  INFO 7828 --- [restartedMain] org.apache.jasper.servlet.TldScanner     : At least one JAR was scanned for TLDs yet contained no TLDs. Enable debug logging for this logger for a complete list of JARs that were scanned but no TLDs were found in them. Skipping unneeded JARs during scanning can improve startup time and JSP compilation time.
2020-11-16 11:27:37.977  INFO 7828 --- [restartedMain] o.a.c.c.C.[Tomcat].[localhost].[/]       : Initializing Spring embedded WebApplicationContext
2020-11-16 11:27:37.978  INFO 7828 --- [restartedMain] o.s.web.context.ContextLoader            : Root WebApplicationContext: initialization completed in 494 ms
2020-11-16 11:27:38.148  INFO 7828 --- [restartedMain] o.s.s.concurrent.ThreadPoolTaskExecutor  : Initializing ExecutorService 'applicationTaskExecutor'
2020-11-16 11:27:38.242  INFO 7828 --- [restartedMain] o.s.b.d.a.OptionalLiveReloadServer       : LiveReload server is running on port 35729
2020-11-16 11:27:38.251  INFO 7828 --- [restartedMain] o.a.coyote.http11.Http11NioProtocol      : Starting ProtocolHandler ["http-nio-8090"]
2020-11-16 11:27:38.255  INFO 7828 --- [restartedMain] o.s.b.w.embedded.tomcat.TomcatWebServer  : Tomcat started on port(s): 8090 (http) with context path ''
2020-11-16 11:27:38.255  INFO 7828 --- [restartedMain] .p.j.m.MiddlePlatformServicesApplication : Started MiddlePlatformServicesApplication in 0.801 seconds (JVM running for 1101.163)
2020-11-16 11:27:58.438  INFO 7828 --- [http-nio-8090-exec-1] o.a.c.c.C.[Tomcat].[localhost].[/]       : Initializing Spring DispatcherServlet 'dispatcherServlet'
2020-11-16 11:27:58.438  INFO 7828 --- [http-nio-8090-exec-1] o.s.web.servlet.DispatcherServlet        : Initializing Servlet 'dispatcherServlet'
2020-11-16 11:27:58.442  INFO 7828 --- [http-nio-8090-exec-1] o.s.web.servlet.DispatcherServlet        : Completed initialization in 4 ms
2020-11-16 11:28:31.266  INFO 7828 --- [Thread-16] o.s.s.concurrent.ThreadPoolTaskExecutor  : Shutting down ExecutorService 'applicationTaskExecutor'
2020-11-16 11:28:31.713  INFO 7828 --- [restartedMain] .p.j.m.MiddlePlatformServicesApplication : Starting MiddlePlatformServicesApplication on mingshengwang-02 with PID 7828 (D:\workspace\roncoo-pay\roncoo-pay-jackdking-middleplatformservices\target\classes started by mingshengwang in D:\workspace\roncoo-pay\roncoo-pay-jackdking-middleplatformservices)
2020-11-16 11:28:31.713  INFO 7828 --- [restartedMain] .p.j.m.MiddlePlatformServicesApplication : The following profiles are active: dev
2020-11-16 11:28:31.942  INFO 7828 --- [restartedMain] .s.d.r.c.RepositoryConfigurationDelegate : Multiple Spring Data modules found, entering strict repository configuration mode!
2020-11-16 11:28:31.942  INFO 7828 --- [restartedMain] .s.d.r.c.RepositoryConfigurationDelegate : Bootstrapping Spring Data repositories in DEFAULT mode.
2020-11-16 11:28:31.950  INFO 7828 --- [restartedMain] .s.d.r.c.RepositoryConfigurationDelegate : Finished Spring Data repository scanning in 8ms. Found 0 repository interfaces.
2020-11-16 11:28:32.013  INFO 7828 --- [restartedMain] trationDelegate$BeanPostProcessorChecker : Bean 'redisConfig' of type [org.roncoo.pay.jackdking.middleplatformservices.modules.wechat.config.RedisConfig$$EnhancerBySpringCGLIB$$a0777e1c] is not eligible for getting processed by all BeanPostProcessors (for example: not eligible for auto-proxying)
2020-11-16 11:28:32.015  INFO 7828 --- [restartedMain] trationDelegate$BeanPostProcessorChecker : Bean 'org.springframework.transaction.annotation.ProxyTransactionManagementConfiguration' of type [org.springframework.transaction.annotation.ProxyTransactionManagementConfiguration$$EnhancerBySpringCGLIB$$4c7015c3] is not eligible for getting processed by all BeanPostProcessors (for example: not eligible for auto-proxying)
2020-11-16 11:28:32.118  INFO 7828 --- [restartedMain] o.s.b.w.embedded.tomcat.TomcatWebServer  : Tomcat initialized with port(s): 8090 (http)
2020-11-16 11:28:32.120  INFO 7828 --- [restartedMain] o.a.coyote.http11.Http11NioProtocol      : Initializing ProtocolHandler ["http-nio-8090"]
2020-11-16 11:28:32.120  INFO 7828 --- [restartedMain] o.apache.catalina.core.StandardService   : Starting service [Tomcat]
2020-11-16 11:28:32.120  INFO 7828 --- [restartedMain] org.apache.catalina.core.StandardEngine  : Starting Servlet engine: [Apache Tomcat/9.0.14]
2020-11-16 11:28:32.233  INFO 7828 --- [restartedMain] org.apache.jasper.servlet.TldScanner     : At least one JAR was scanned for TLDs yet contained no TLDs. Enable debug logging for this logger for a complete list of JARs that were scanned but no TLDs were found in them. Skipping unneeded JARs during scanning can improve startup time and JSP compilation time.
2020-11-16 11:28:32.235  INFO 7828 --- [restartedMain] o.a.c.c.C.[Tomcat].[localhost].[/]       : Initializing Spring embedded WebApplicationContext
2020-11-16 11:28:32.235  INFO 7828 --- [restartedMain] o.s.web.context.ContextLoader            : Root WebApplicationContext: initialization completed in 521 ms
2020-11-16 11:28:32.394  INFO 7828 --- [restartedMain] o.s.s.concurrent.ThreadPoolTaskExecutor  : Initializing ExecutorService 'applicationTaskExecutor'
2020-11-16 11:28:32.500  INFO 7828 --- [restartedMain] o.s.b.d.a.OptionalLiveReloadServer       : LiveReload server is running on port 35729
2020-11-16 11:28:32.512  INFO 7828 --- [restartedMain] o.a.coyote.http11.Http11NioProtocol      : Starting ProtocolHandler ["http-nio-8090"]
2020-11-16 11:28:32.517  INFO 7828 --- [restartedMain] o.s.b.w.embedded.tomcat.TomcatWebServer  : Tomcat started on port(s): 8090 (http) with context path ''
2020-11-16 11:28:32.518  INFO 7828 --- [restartedMain] .p.j.m.MiddlePlatformServicesApplication : Started MiddlePlatformServicesApplication in 0.828 seconds (JVM running for 1155.425)
2020-11-16 11:30:35.413  INFO 7828 --- [http-nio-8090-exec-1] o.a.c.c.C.[Tomcat].[localhost].[/]       : Initializing Spring DispatcherServlet 'dispatcherServlet'
2020-11-16 11:30:35.414  INFO 7828 --- [http-nio-8090-exec-1] o.s.web.servlet.DispatcherServlet        : Initializing Servlet 'dispatcherServlet'
2020-11-16 11:30:35.416  INFO 7828 --- [http-nio-8090-exec-1] o.s.web.servlet.DispatcherServlet        : Completed initialization in 2 ms
2020-11-16 11:30:35.721 ERROR 7828 --- [http-nio-8090-exec-1] m.c.w.mp.api.impl.BaseWxMpServiceImpl    : 
【请求地址】: https://api.weixin.qq.com/cgi-bin/qrcode/create?access_token=39_ZlNv2TwZjbJPJZXroTfYo2_RkLtArpdA0VY7R5JiISxf9Ujivs8hqzU8duqKDdNZ-NR8zYX1vsbXwFTNbW12jQudm0vrQf2Hm9KVPJ0A4ALKHMhiVUx1DdtRo5q91uMgc0bYv3MM8JF8uuvEPXHbAEAFNX
【请求参数】：{"action_name":"QR_LIMIT_SCENE","action_info":{"scene":{"scene_id":1}}}
【错误信息】：错误代码：48001, 错误信息：api 功能未授权，请确认公众号已获得该接口，可以在公众平台官网 - 开发者中心页中查看接口权限，微信原始报文：{"errcode":48001,"errmsg":"api unauthorized rid: 5fb1f25b-268b7fc4-2242b9e8"}
2020-11-16 14:26:48.459  INFO 7828 --- [Thread-22] o.s.s.concurrent.ThreadPoolTaskExecutor  : Shutting down ExecutorService 'applicationTaskExecutor'
2020-11-16 14:26:48.895  INFO 7828 --- [restartedMain] .p.j.m.MiddlePlatformServicesApplication : Starting MiddlePlatformServicesApplication on mingshengwang-02 with PID 7828 (D:\workspace\roncoo-pay\roncoo-pay-jackdking-middleplatformservices\target\classes started by mingshengwang in D:\workspace\roncoo-pay\roncoo-pay-jackdking-middleplatformservices)
2020-11-16 14:26:48.895  INFO 7828 --- [restartedMain] .p.j.m.MiddlePlatformServicesApplication : The following profiles are active: dev
2020-11-16 14:26:49.183  INFO 7828 --- [restartedMain] .s.d.r.c.RepositoryConfigurationDelegate : Multiple Spring Data modules found, entering strict repository configuration mode!
2020-11-16 14:26:49.183  INFO 7828 --- [restartedMain] .s.d.r.c.RepositoryConfigurationDelegate : Bootstrapping Spring Data repositories in DEFAULT mode.
2020-11-16 14:26:49.191  INFO 7828 --- [restartedMain] .s.d.r.c.RepositoryConfigurationDelegate : Finished Spring Data repository scanning in 8ms. Found 0 repository interfaces.
2020-11-16 14:26:49.247  INFO 7828 --- [restartedMain] trationDelegate$BeanPostProcessorChecker : Bean 'redisConfig' of type [org.roncoo.pay.jackdking.middleplatformservices.modules.wechat.config.RedisConfig$$EnhancerBySpringCGLIB$$a0777e1c] is not eligible for getting processed by all BeanPostProcessors (for example: not eligible for auto-proxying)
2020-11-16 14:26:49.250  INFO 7828 --- [restartedMain] trationDelegate$BeanPostProcessorChecker : Bean 'org.springframework.transaction.annotation.ProxyTransactionManagementConfiguration' of type [org.springframework.transaction.annotation.ProxyTransactionManagementConfiguration$$EnhancerBySpringCGLIB$$4c7015c3] is not eligible for getting processed by all BeanPostProcessors (for example: not eligible for auto-proxying)
2020-11-16 14:26:49.360  INFO 7828 --- [restartedMain] o.s.b.w.embedded.tomcat.TomcatWebServer  : Tomcat initialized with port(s): 8090 (http)
2020-11-16 14:26:49.361  INFO 7828 --- [restartedMain] o.a.coyote.http11.Http11NioProtocol      : Initializing ProtocolHandler ["http-nio-8090"]
2020-11-16 14:26:49.362  INFO 7828 --- [restartedMain] o.apache.catalina.core.StandardService   : Starting service [Tomcat]
2020-11-16 14:26:49.362  INFO 7828 --- [restartedMain] org.apache.catalina.core.StandardEngine  : Starting Servlet engine: [Apache Tomcat/9.0.14]
2020-11-16 14:26:49.489  INFO 7828 --- [restartedMain] org.apache.jasper.servlet.TldScanner     : At least one JAR was scanned for TLDs yet contained no TLDs. Enable debug logging for this logger for a complete list of JARs that were scanned but no TLDs were found in them. Skipping unneeded JARs during scanning can improve startup time and JSP compilation time.
2020-11-16 14:26:49.490  INFO 7828 --- [restartedMain] o.a.c.c.C.[Tomcat].[localhost].[/]       : Initializing Spring embedded WebApplicationContext
2020-11-16 14:26:49.490  INFO 7828 --- [restartedMain] o.s.web.context.ContextLoader            : Root WebApplicationContext: initialization completed in 592 ms
2020-11-16 14:26:49.614  WARN 7828 --- [restartedMain] ConfigServletWebServerApplicationContext : Exception encountered during context initialization - cancelling refresh attempt: org.springframework.beans.factory.BeanCreationException: Error creating bean with name 'wxOfficialAccountLoginController' defined in file [D:\workspace\roncoo-pay\roncoo-pay-jackdking-middleplatformservices\target\classes\org\roncoo\pay\jackdking\middleplatformservices\modules\wechat\controller\WxOfficialAccountLoginController.class]: Instantiation of bean failed; nested exception is org.springframework.beans.BeanInstantiationException: Failed to instantiate [org.roncoo.pay.jackdking.middleplatformservices.modules.wechat.controller.WxOfficialAccountLoginController]: Constructor threw exception; nested exception is java.lang.Error: Unresolved compilation problems: 
	The method getAccessToken() is undefined for the type SystemConfigConst
	Syntax error on tokens, delete these tokens
	QR_SCENE cannot be resolved or is not a field
	showqrcode_path cannot be resolved or is not a field

2020-11-16 14:26:49.817  INFO 7828 --- [restartedMain] o.apache.catalina.core.StandardService   : Stopping service [Tomcat]
2020-11-16 14:26:49.823  INFO 7828 --- [restartedMain] ConditionEvaluationReportLoggingListener : 

Error starting ApplicationContext. To display the conditions report re-run your application with 'debug' enabled.
2020-11-16 14:26:49.826 ERROR 7828 --- [restartedMain] o.s.boot.SpringApplication               : Application run failed

org.springframework.beans.factory.BeanCreationException: Error creating bean with name 'wxOfficialAccountLoginController' defined in file [D:\workspace\roncoo-pay\roncoo-pay-jackdking-middleplatformservices\target\classes\org\roncoo\pay\jackdking\middleplatformservices\modules\wechat\controller\WxOfficialAccountLoginController.class]: Instantiation of bean failed; nested exception is org.springframework.beans.BeanInstantiationException: Failed to instantiate [org.roncoo.pay.jackdking.middleplatformservices.modules.wechat.controller.WxOfficialAccountLoginController]: Constructor threw exception; nested exception is java.lang.Error: Unresolved compilation problems: 
	The method getAccessToken() is undefined for the type SystemConfigConst
	Syntax error on tokens, delete these tokens
	QR_SCENE cannot be resolved or is not a field
	showqrcode_path cannot be resolved or is not a field

	at org.springframework.beans.factory.support.AbstractAutowireCapableBeanFactory.instantiateBean(AbstractAutowireCapableBeanFactory.java:1270)
	at org.springframework.beans.factory.support.AbstractAutowireCapableBeanFactory.createBeanInstance(AbstractAutowireCapableBeanFactory.java:1164)
	at org.springframework.beans.factory.support.AbstractAutowireCapableBeanFactory.doCreateBean(AbstractAutowireCapableBeanFactory.java:538)
	at org.springframework.beans.factory.support.AbstractAutowireCapableBeanFactory.createBean(AbstractAutowireCapableBeanFactory.java:498)
	at org.springframework.beans.factory.support.AbstractBeanFactory.lambda$doGetBean$0(AbstractBeanFactory.java:320)
	at org.springframework.beans.factory.support.DefaultSingletonBeanRegistry.getSingleton(DefaultSingletonBeanRegistry.java:222)
	at org.springframework.beans.factory.support.AbstractBeanFactory.doGetBean(AbstractBeanFactory.java:318)
	at org.springframework.beans.factory.support.AbstractBeanFactory.getBean(AbstractBeanFactory.java:199)
	at org.springframework.beans.factory.support.DefaultListableBeanFactory.preInstantiateSingletons(DefaultListableBeanFactory.java:846)
	at org.springframework.context.support.AbstractApplicationContext.finishBeanFactoryInitialization(AbstractApplicationContext.java:863)
	at org.springframework.context.support.AbstractApplicationContext.refresh(AbstractApplicationContext.java:546)
	at org.springframework.boot.web.servlet.context.ServletWebServerApplicationContext.refresh(ServletWebServerApplicationContext.java:142)
	at org.springframework.boot.SpringApplication.refresh(SpringApplication.java:775)
	at org.springframework.boot.SpringApplication.refreshContext(SpringApplication.java:397)
	at org.springframework.boot.SpringApplication.run(SpringApplication.java:316)
	at org.springframework.boot.SpringApplication.run(SpringApplication.java:1260)
	at org.springframework.boot.SpringApplication.run(SpringApplication.java:1248)
	at org.roncoo.pay.jackdking.middleplatformservices.MiddlePlatformServicesApplication.main(MiddlePlatformServicesApplication.java:17)
	at sun.reflect.NativeMethodAccessorImpl.invoke0(Native Method)
	at sun.reflect.NativeMethodAccessorImpl.invoke(NativeMethodAccessorImpl.java:62)
	at sun.reflect.DelegatingMethodAccessorImpl.invoke(DelegatingMethodAccessorImpl.java:43)
	at java.lang.reflect.Method.invoke(Method.java:498)
	at org.springframework.boot.devtools.restart.RestartLauncher.run(RestartLauncher.java:49)
Caused by: org.springframework.beans.BeanInstantiationException: Failed to instantiate [org.roncoo.pay.jackdking.middleplatformservices.modules.wechat.controller.WxOfficialAccountLoginController]: Constructor threw exception; nested exception is java.lang.Error: Unresolved compilation problems: 
	The method getAccessToken() is undefined for the type SystemConfigConst
	Syntax error on tokens, delete these tokens
	QR_SCENE cannot be resolved or is not a field
	showqrcode_path cannot be resolved or is not a field

	at org.springframework.beans.BeanUtils.instantiateClass(BeanUtils.java:184)
	at org.springframework.beans.factory.support.SimpleInstantiationStrategy.instantiate(SimpleInstantiationStrategy.java:87)
	at org.springframework.beans.factory.support.AbstractAutowireCapableBeanFactory.instantiateBean(AbstractAutowireCapableBeanFactory.java:1262)
	... 22 common frames omitted
Caused by: java.lang.Error: Unresolved compilation problems: 
	The method getAccessToken() is undefined for the type SystemConfigConst
	Syntax error on tokens, delete these tokens
	QR_SCENE cannot be resolved or is not a field
	showqrcode_path cannot be resolved or is not a field

	at org.roncoo.pay.jackdking.middleplatformservices.modules.wechat.controller.WxOfficialAccountLoginController.<init>(WxOfficialAccountLoginController.java:38)
	at sun.reflect.NativeConstructorAccessorImpl.newInstance0(Native Method)
	at sun.reflect.NativeConstructorAccessorImpl.newInstance(NativeConstructorAccessorImpl.java:62)
	at sun.reflect.DelegatingConstructorAccessorImpl.newInstance(DelegatingConstructorAccessorImpl.java:45)
	at java.lang.reflect.Constructor.newInstance(Constructor.java:423)
	at org.springframework.beans.BeanUtils.instantiateClass(BeanUtils.java:172)
	... 24 common frames omitted

